0:100  0:100  MemLog inited, TSC freq: 2593994926
0:100  0:000  CPU was calibrated with ACPI PM Timer
0:100  0:000  
0:100  0:000  Now is 16.1.2018,  23:41:36 (GMT)
0:100  0:000  Starting Clover revision: 4382 on American Megatrends EFI
0:100  0:000  Build with: [Args: -mc --no-usb -D NO_GRUB_DRIVERS_EMBEDDED -t XCODE8 | -D DISABLE_USB_SUPPORT -D NO_GRUB_DRIVERS_EMBEDDED -D USE_BIOS_BLOCKIO -D USE_LOW_EBDA -a X64 -b RELEASE -t XCODE8 -n 9 | OS: 10.13.3 | XCODE: 9.2]
0:100  0:000  SelfDevicePath=PciRoot(0x0)\Pci(0x1F,0x2)\Sata(0x0,0xFFFF,0x0)\HD(1,GPT,FB7D019E-B161-4B5B-92F3-5FBA91DFC2FD,0x800,0xFA000) @C41B5298
0:100  0:000  SelfDirPath = \EFI\CLOVER
0:100  0:000  === [ Get Smbios ] ========================================
0:100  0:000  Type 16 Index = 0
0:100  0:000  Total Memory Slots Count = 4
0:100  0:000  Type 17 Index = 0
0:100  0:000  Ignoring insane frequency value 0MHz
0:100  0:000  SmbiosTable.Type17->Speed = 0MHz
0:100  0:000  SmbiosTable.Type17->Size = 0MB
0:100  0:000  SmbiosTable.Type17->Bank/Device = BANK 0 ChannelA-DIMM0
0:100  0:000  SmbiosTable.Type17->Vendor = <null string>
0:100  0:000  SmbiosTable.Type17->SerialNumber = <null string>
0:100  0:000  SmbiosTable.Type17->PartNumber = <null string>
0:100  0:000  Type 17 Index = 1
0:100  0:000  SmbiosTable.Type17->Speed = 1600MHz
0:100  0:000  SmbiosTable.Type17->Size = 8192MB
0:100  0:000  SmbiosTable.Type17->Bank/Device = BANK 1 ChannelA-DIMM1
0:100  0:000  SmbiosTable.Type17->Vendor = Samsung
0:100  0:000  SmbiosTable.Type17->SerialNumber = 96114818
0:100  0:000  SmbiosTable.Type17->PartNumber = M471B1G73QH0-YK0  
0:100  0:000  Type 17 Index = 2
0:100  0:000  SmbiosTable.Type17->Speed = 1333MHz
0:100  0:000  SmbiosTable.Type17->Size = 4096MB
0:100  0:000  SmbiosTable.Type17->Bank/Device = BANK 2 ChannelB-DIMM0
0:100  0:000  SmbiosTable.Type17->Vendor = Kingston
0:100  0:000  SmbiosTable.Type17->SerialNumber = 8F19436A
0:100  0:000  SmbiosTable.Type17->PartNumber = 9905428-012.A00LF 
0:100  0:000  Type 17 Index = 3
0:100  0:000  SmbiosTable.Type17->Speed = 1067MHz
0:100  0:000  SmbiosTable.Type17->Size = 2048MB
0:100  0:000  SmbiosTable.Type17->Bank/Device = BANK 3 ChannelB-DIMM1
0:100  0:000  SmbiosTable.Type17->Vendor = Samsung
0:100  0:000  SmbiosTable.Type17->SerialNumber = 97C99A2C
0:100  0:000  SmbiosTable.Type17->PartNumber = M471B5673FH0-CF8  
0:100  0:000  Boot status=0
0:100  0:000  Running on: 'CP65S' with board 'CP65S'
0:100  0:000  === [ GetCPUProperties ] ==================================
0:100  0:000  CPU Vendor = 756E6547 Model=306C3
0:100  0:000   The CPU supported SSE4.1
0:100  0:000  BrandString = Intel(R) Core(TM) i7-4720HQ CPU @ 2.60GHz
0:100  0:000   The CPU supported turbo
0:100  0:000  MSR 0x35               40008
0:100  0:000  MSR 0xE2 before patch 1E008405
0:100  0:000  MSR 0xE2 is locked, PM patches will be turned on
0:100  0:000  MSR 0xCE              00080838_F3011A00
0:100  0:000  corrected FLEX_RATIO = 40000
0:100  0:000  MSR 0x1B0             00000000
0:100  0:000  FSBFrequency = 100 MHz, DMI FSBFrequency = 100 MHz, Corrected FSBFrequency = 100 MHz
0:100  0:000  MaxDiv/MinDiv: 26.0/8
0:100  0:000  Turbo: 34/34/35/36
0:100  0:000  Features: 0xBFEBFBFF
0:100  0:000  Threads: 8
0:100  0:000  Cores: 4
0:100  0:000  FSB: 100 MHz
0:100  0:000  CPU: 2600 MHz
0:100  0:000  TSC: 2600 MHz
0:100  0:000  PIS: 100 MHz
0:100  0:000  ExternalClock: 25 MHz
0:100  0:000  === [ GetDevices ] ========================================
0:100  0:000  PCI (00|00:00.00) : 8086 0C04 class=060000
0:100  0:000  PCI (00|00:01.00) : 8086 0C01 class=060400
0:100  0:000  PCI (00|01:00.00) : 10DE 13D9 class=030200
0:100  0:000  PCI (00|00:02.00) : 8086 0416 class=030000
0:100  0:000   - GFX: Model=Intel HD Graphics 4600 (Intel)
0:100  0:000  PCI (00|00:03.00) : 8086 0C0C class=040300
0:100  0:000  PCI (00|00:04.00) : 8086 0C03 class=118000
0:100  0:000  PCI (00|00:07.00) : 8086 0C07 class=110100
0:100  0:000  PCI (00|00:14.00) : 8086 8C31 class=0C0330
0:100  0:000  PCI (00|00:16.00) : 8086 8C3A class=078000
0:100  0:000  PCI (00|00:16.01) : FFFF FFFF class=FFFFFF
0:100  0:000  PCI (00|00:1A.00) : 8086 8C2D class=0C0320
0:100  0:000  PCI (00|00:1B.00) : 8086 8C20 class=040300
0:100  0:000  PCI (00|00:1C.00) : 8086 8C10 class=060400
0:100  0:000  PCI (00|00:1C.04) : 8086 8C18 class=060400
0:100  0:000  PCI (00|03:00.00) : 10EC 5287 class=FF0000
0:100  0:000  PCI (00|03:00.01) : 10EC 8168 class=020000
0:100  0:000   - LAN: 0 Vendor=Realtek
0:100  0:000  PCI (00|00:1C.05) : 8086 8C1A class=060400
0:100  0:000  PCI (00|04:00.00) : 14E4 43B1 class=028000
0:100  0:000   - WIFI: Vendor=Broadcom
0:100  0:000  PCI (00|00:1D.00) : 8086 8C26 class=0C0320
0:100  0:000  PCI (00|00:1F.00) : 8086 8C4B class=060100
0:100  0:000  PCI (00|00:1F.02) : 8086 8C03 class=010601
0:100  0:000  PCI (00|00:1F.03) : 8086 8C22 class=0C0500
0:100  0:000  PCI (00|00:1F.06) : FFFF FFFF class=FFFFFF
0:100  0:000  === [ GetDefaultSettings ] ================================
0:100  0:000  Clover load options size = 0 bytes
0:122  0:022  EFI\CLOVER\config.plist loaded: Success
0:126  0:003  === [ GetListOfThemes ] ===================================
0:126  0:000  - [00]: EMBEDDED
0:137  0:011  - [00]: Material
0:148  0:011  - [01]: RANDOM
0:164  0:015  - [01]: YosemiteLogin
0:170  0:006  - [02]: Beauty
0:184  0:014  === [ Found config plists ] ===============================
0:184  0:000  - config.plist
0:184  0:000  - config_HD520_530_540.plist
0:184  0:000  === [ GetEarlyUserSettings ] ==============================
0:184  0:000  timeout set to 5
0:184  0:000  Custom boot CUSTOM_BOOT_DISABLED (0x0)
0:184  0:000  KernelXCPM: enabled
0:184  0:000  ForceKextsToLoad: 1 requested
0:184  0:000   - [0]: System\Library\Extensions\IONetworkingFamily.kext
0:184  0:000  KextsToPatch: 18 requested
0:184  0:000   - [00]: com.apple.driver.AppleIntelFramebufferAzul (framebuffer patch for 0600260A) :: BinPatch :: data len: 92
0:184  0:000   - patch disabled at config
0:184  0:000   - [01]: com.apple.driver.AppleIntelFramebufferAzul (framebuffer patch for 0600260A matching 0700260D) :: BinPatch :: data len: 92
0:184  0:000   - [02]: com.apple.driver.AppleIntelFramebufferAzul (connector type patch for 0204 (hdmi)) :: BinPatch :: data len: 12
0:184  0:000   - [03]: com.apple.driver.AppleIntelFramebufferAzul (connector type patch for 0306 (dp)) :: BinPatch :: data len: 12
0:184  0:000   - [04]: com.apple.driver.AppleGraphicsDevicePolicy (Disable board-id check to prevent no signal (c) lvs1974, Pike R. Alpha, vit9696) :: MatchOS: 10.9.3,10.9.4,10.9.5,10.10.x,10.11.x,10.12.x,10.13 :: BinPatch :: data len: 5
0:184  0:000   - [05]: AppleGraphicsDevicePolicy (AppleGraphicsDevicePolicy (board-id) Patch (c) Pike R. Alpha) :: BinPatch :: data len: 8
0:184  0:000   - [06]: com.apple.driver.AppleIntelFramebufferAzul (0x0a260006 9MB cursor bytes, vbo) :: BinPatch :: data len: 20
0:184  0:000   - patch disabled at config
0:184  0:000   - [07]: com.apple.driver.AppleIntelFramebufferAzul (Enable fourth connector by changing port count, 0x0a260006, RehabMan) :: BinPatch :: data len: 8
0:184  0:000   - patch disabled at config
0:184  0:000   - [08]: com.apple.driver.AppleIntelFramebufferAzul (Add missing 0306 DP connector) :: BinPatch :: data len: 12
0:184  0:000   - patch disabled at config
0:184  0:000   - [09]: IOAHCIBlockStorage (Enable TRIM for SSD) :: BinPatch :: data len: 11
0:184  0:000   - patch disabled at config
0:184  0:000   - [10]: AppleRTC (patch_AppleRTC) :: BinPatch :: data len: 4
0:184  0:000   - [11]: AppleUSBXHCI (Enable USB3 after wake for Intel 8 series chipset) :: BinPatch :: data len: 7
0:184  0:000   - patch disabled at config
0:184  0:000   - [12]: com.apple.driver.AppleBacklight (change F%uT%04x to F%uTxxxx in AppleBacklightInjector.kext (credit RehabMan)) :: BinPatch :: data len: 9
0:184  0:000   - [13]: com.apple.iokit.IOGraphicsFamily (Boot graphics glitch, 10.12.dp1 (credit denskop)) :: MatchOS: 10.12.x :: BinPatch :: data len: 5
0:184  0:000   - [14]: com.apple.iokit.IOGraphicsFamily (Boot graphics glitch, 10.13 beta (based on denskop patch)) :: MatchOS: 10.13.x :: BinPatch :: data len: 5
0:184  0:000   - [15]: AirPortBrcm4360 (10.11-BCM94352-5GHz-US-FCC-dv) :: BinPatch :: data len: 7
0:184  0:000   - [16]: AirPortBrcm4360 (AirPort Extreme) :: BinPatch :: data len: 6
0:184  0:000   - [17]: AirPortBrcm4360 (AirPortBrcm4360 - fcvo) :: BinPatch :: data len: 8
0:184  0:000  KernelToPatch: 3 requested
0:184  0:000   - [00]: Disable panic kext logging on 10.13 Debug kernel :: MatchOS: 10.13 :: data len: 6
0:184  0:000   - [01]: Disable panic kext logging on 10.13 Release kernel :: MatchOS: 10.13 :: data len: 6
0:184  0:000   - [02]: MSR 0xE2 _xcpm_idle instant reboot(c) Pike R. Alpha :: MatchOS: 10.12.x,10.11.x :: data len: 8
0:184  0:000  Default theme: Material
0:184  0:000  ConsoleMode will be set to highest mode
0:184  0:000  Hiding entries with string personal
0:184  0:000  Hiding entries with string backup
0:184  0:000    EdidFixHorizontalSyncPulseWidth = 0x0064
0:184  0:000    EdidFixVideoInputSignal = 0x00A0
0:184  0:000  === [ LoadDrivers ] =======================================
0:191  0:006  Loading AppleImageCodec-64.efi  status=Success
0:192  0:001  Loading AppleKeyAggregator-64.efi  status=Success
0:193  0:000  Loading AppleUITheme-64.efi  status=Success
0:193  0:000  Loading DataHubDxe-64.efi  status=Success
0:202  0:008  Loading FSInject-64.efi  status=Success
0:203  0:000  Loading Fat-64.efi  status=Success
0:203  0:000   - driver needs connecting
0:203  0:000  Loading FirmwareVolume-64.efi  status=Success
0:204  0:001  Loading HFSPlus.efi  status=Success
0:205  0:000   - driver needs connecting
0:205  0:000  Loading NTFS.EFI  status=Success
0:206  0:000   - driver needs connecting
0:206  0:000  Loading OsxAptioFix3Drv-64.efi  status=Success
0:206  0:000  Loading PartitionDxe-64.efi  status=Success
0:207  0:000   - driver needs connecting
0:207  0:000  Loading SMCHelper-64.efi  status=Success
0:208  0:000  Loading APFS.EFI  status=Success
0:220  0:012   - driver needs connecting
0:220  0:000  Loading VBoxExt4-64.efi  status=Success
0:221  0:001   - driver needs connecting
0:221  0:000  Loading UsbKbDxe-64.efi  status=Success
0:222  0:000   - driver needs connecting
0:222  0:000  Loading UsbMouseDxe-64.efi  status=Success
0:223  0:000   - driver needs connecting
0:223  0:000  8 drivers needs connecting ...
0:223  0:000  PlatformDriverOverrideProtocol not found. Installing ... Success
0:223  0:000  Partition driver loaded: 
0:223  0:000  HFS+ driver loaded
0:223  0:000  APFS driver loaded
0:223  0:000  Searching for invalid DiskIo BY_DRIVER connects: not found, all ok
0:469  0:245  === [ InitScreen ] ========================================
0:469  0:000  SetScreenResolution: 1920x1080 - already set
0:469  0:000  Console modes reported: 4, available modes:
0:469  0:000   - [01]: 80x25 (current mode)
0:469  0:000   - [02]: 80x50
0:469  0:000   - [03]: 100x31
0:469  0:000   - [04]: 240x56
0:473  0:004    Setting mode (4): Success
0:473  0:000  reinit: self device path=PciRoot(0x0)\Pci(0x1F,0x2)\Sata(0x0,0xFFFF,0x0)\HD(1,GPT,FB7D019E-B161-4B5B-92F3-5FBA91DFC2FD,0x800,0xFA000)
0:473  0:000  === [ GetMacAddress ] =====================================
0:473  0:000  MAC address of LAN #0= 80:FA:5B:13:8B:38:
0:473  0:000  === [ ScanSPD ] ===========================================
0:473  0:000  SMBus device : 8086 8C22 class=0C0500 status=Success
0:473  0:000  SMBus CmdReg: 0x3
0:473  0:000  Scanning SMBus [8086:8C22], mmio: 0xF7C21004, ioport: 0xF040, hostc: 0x1
0:473  0:000  Slots to scan [8]...
0:474  0:000  SPD[1]: Type 11 @0x51
0:492  0:018  Not using XMP because it is not present
0:492  0:000  DDR speed 1600MHz
0:492  0:000  Slot: 1 Type 24 8192MB 1600MHz Vendor=Samsung PartNo=M471B1G73QH0-YK0 SerialNo=0906010104080108
0:493  0:000  SPD[2]: Type 11 @0x52
0:511  0:018  Not using XMP because it is not present
0:511  0:000  DDR speed 1333MHz
0:511  0:000  Slot: 2 Type 24 4096MB 1333MHz Vendor=Kingston PartNo=9905428-012.A00LF SerialNo=080F01090403060A
0:512  0:000  SPD[3]: Type 11 @0x53
0:530  0:018  Not using XMP because it is not present
0:530  0:000  DDR speed 1066MHz
0:530  0:000  Slot: 3 Type 24 2048MB 1066MHz Vendor=Samsung PartNo=M471B5673FH0-CF8 SerialNo=09070C09090A020C
0:531  0:000  === [ GetAcpiTablesList ] =================================
0:534  0:003  Get Acpi Tables List from RSDT:
0:534  0:000   - [00]: FACP  PARADISE len=132
0:534  0:000   - [01]: APIC  PARADISE len=146
0:534  0:000   - [02]: FPDT  A M I len=68
0:534  0:000   - [03]: FIDT  A M I len=156
0:534  0:000   - [04]: ASF!   HCG len=165
0:534  0:000   - [05]: SLIC  PARADISE len=374
0:534  0:000   - [06]: SSDT  PARADISE len=177
0:534  0:000   - [07]: SSDT  PARADISE len=3986
0:534  0:000   - [08]: SSDT  PARADISE len=361
0:534  0:000   - [09]: SSDT  PARADISE len=1337
0:534  0:000   - [10]: SSDT  PARADISE len=2776
0:534  0:000   - [11]: MCFG  PARADISE len=60
0:534  0:000   - [12]: HPET  PARADISE len=56
0:534  0:000   - [13]: SSDT  PARADISE len=789
0:534  0:000   - [14]: SSDT  PARADISE len=7239
0:534  0:000   - [15]: SSDT  PARADISE len=4411
0:534  0:000   - [16]: SSDT  PARADISE len=915
0:534  0:000   - [17]: PCCT  PARADISE len=110
0:534  0:000   - [18]: SSDT  PARADISE len=2756
0:534  0:000   - [19]: BDAT  PARADISE len=48
0:534  0:000   - [20]: DMAR  PARADISE len=184
0:534  0:000   - [21]: SSDT  PARADISE len=7369
0:534  0:000   - [22]: BGRT  PARADISE len=56
0:534  0:000  Calibrated TSC Frequency = 2593994926 = 2593MHz
0:534  0:000  === [ GetUserSettings ] ===================================
0:534  0:000    EdidFixHorizontalSyncPulseWidth = 0x0064
0:534  0:000    EdidFixVideoInputSignal = 0x00A0
0:534  0:000  Add 7 properties:
0:534  0:000   - [00]: HDA, len: 10
0:534  0:000   - [01]: IntelGFX, len: 10
0:534  0:000   - [02]: HDA, len: 10
0:534  0:000   - [03]: NVidia, len: 9
0:534  0:000   - [04]: NVidia, len: 9
0:534  0:000   - [05]: NVidia, len: 4
0:534  0:000   - [06]: NVidia, len: 10
0:534  0:000  USB FixOwnership: no
0:534  0:000  Dropping 3 tables:
0:534  0:000   - [00]: Drop table  signature="#SSD" (44535323)
0:534  0:000           - set table: 44535323,                0 to drop: no
0:534  0:000   - [01]: Drop table  signature="#MCF" (46434D23)
0:534  0:000           - set table: 46434D23,                0 to drop: no
0:534  0:000   - [02]: Drop table  signature="DMAR" (52414D44)
0:534  0:000           - set table: 52414D44,                0 to drop: yes
0:534  0:000   - final DSDT Fix mask=20060010
0:534  0:000  PatchesDSDT: 29 requested
0:534  0:000   - [00]: (10.11+-Rename-HECI2IMEI) lenToFind: 4, lenToReplace: 4, Target Bridge: <null string>
0:534  0:000    patch disabled at config
0:534  0:000   - [01]: (change OSID to XSID (to avoid match against _OSI XOSI patch)) lenToFind: 4, lenToReplace: 4, Target Bridge: <null string>
0:534  0:000   - [02]: (change _OSI to XOSI) lenToFind: 4, lenToReplace: 4, Target Bridge: <null string>
0:534  0:000   - [03]: (change _DSM to XDSM) lenToFind: 4, lenToReplace: 4, Target Bridge: <null string>
0:534  0:000   - [04]: (change EC0 to EC) lenToFind: 4, lenToReplace: 4, Target Bridge: <null string>
0:534  0:000   - [05]: (change H_EC to EC) lenToFind: 4, lenToReplace: 4, Target Bridge: <null string>
0:534  0:000   - [06]: (change EHC1 to EH01) lenToFind: 4, lenToReplace: 4, Target Bridge: <null string>
0:534  0:000   - [07]: (change EHC2 to EH02) lenToFind: 4, lenToReplace: 4, Target Bridge: <null string>
0:534  0:000   - [08]: (change GFX0 to IGPU) lenToFind: 4, lenToReplace: 4, Target Bridge: <null string>
0:534  0:000   - [09]: (change B0D3 to HDAU) lenToFind: 4, lenToReplace: 4, Target Bridge: <null string>
0:534  0:000   - [10]: (change SAT0 to SATA (?)) lenToFind: 4, lenToReplace: 4, Target Bridge: <null string>
0:534  0:000   - [11]: (change _Q12 to XQ12) lenToFind: 4, lenToReplace: 4, Target Bridge: <null string>
0:534  0:000   - [12]: (change _Q11 to XQ11) lenToFind: 4, lenToReplace: 4, Target Bridge: <null string>
0:534  0:000   - [13]: (change Method(_PTS,1,N) to ZPTS, pair with SSDT-PTSWAK.aml) lenToFind: 5, lenToReplace: 5, Target Bridge: <null string>
0:534  0:000   - [14]: (change Method(_PTS,1,S) to ZPTS, pair with SSDT-PTSWAK.aml) lenToFind: 5, lenToReplace: 5, Target Bridge: <null string>
0:534  0:000   - [15]: (change Method(_WAK,1,N) to ZWAK, pair with SSDT-PTSWAK.aml) lenToFind: 5, lenToReplace: 5, Target Bridge: <null string>
0:534  0:000   - [16]: (change Method(_WAK,1,S) to ZWAK, pair with SSDT-PTSWAK.aml) lenToFind: 5, lenToReplace: 5, Target Bridge: <null string>
0:534  0:000   - [17]: (change Method(XWAK,0,N) to ZWAK, pair with SSDT-XWAK.aml) lenToFind: 5, lenToReplace: 5, Target Bridge: <null string>
0:534  0:000   - [18]: (change Method(XWAK,0,S) to ZWAK, pair with SSDT-XWAK.aml) lenToFind: 5, lenToReplace: 5, Target Bridge: <null string>
0:534  0:000   - [19]: (change Method(XSEL,0,N) to XSEZ, pair with SSDT-XSEL.aml) lenToFind: 5, lenToReplace: 5, Target Bridge: <null string>
0:534  0:000   - [20]: (change Method(XSEL,0,S) to XSEZ, pair with SSDT-XSEL.aml) lenToFind: 5, lenToReplace: 5, Target Bridge: <null string>
0:534  0:000   - [21]: (change Method(ESEL,0,N) to ESEZ, pair with SSDT-ESEL.aml) lenToFind: 5, lenToReplace: 5, Target Bridge: <null string>
0:534  0:000   - [22]: (change Method(ESEL,0,S) to ESEZ, pair with SSDT-ESEL.aml) lenToFind: 5, lenToReplace: 5, Target Bridge: <null string>
0:534  0:000   - [23]: (change Method(GPRW,2,N) to XPRW, pair with SSDT-GPRW.aml) lenToFind: 5, lenToReplace: 5, Target Bridge: <null string>
0:534  0:000   - [24]: (change Method(UPRW,2,N) to XPRW, pair with SSDT-UPRW.aml) lenToFind: 7, lenToReplace: 7, Target Bridge: <null string>
0:534  0:000   - [25]: (change GLAN to LANC) lenToFind: 4, lenToReplace: 4, Target Bridge: <null string>
0:534  0:000   - [26]: (change LANC Method(_PRW,0,S) to Method(XPRW,0,..), pair with SSDT-LANC_PRW.aml) lenToFind: 11, lenToReplace: 11, Target Bridge: <null string>
0:534  0:000   - [27]: (change Name (_ADR, 0x00190000) Method(_PRW to Name (_ADR, 0x00190000) Method(XPRW, pair with SSDT-GLAN_PRW.aml) lenToFind: 15, lenToReplace: 15, Target Bridge: <null string>
0:534  0:000   - [28]: (disable B0D3/HDEF) lenToFind: 8, lenToReplace: 6, Target Bridge: <null string>
0:534  0:000    patch disabled at config
0:534  0:000  Using ProductName from config
0:534  0:000  ProductName: MacBookPro11,3
0:534  0:000  Found same BiosVersion in clover and config
0:534  0:000  BiosVersion: MBP112.88Z.0142.B00.1708080655
0:534  0:000  BiosReleaseDate: 08/08/2017
0:534  0:000  Using FirmwareFeatures from config: 0xE00FE137
0:534  0:000  Using FirmwareFeaturesMask from config: 0xFF1FFF3F
0:534  0:000  Board-ID set from config as Mac-3CBD00234E554E41
0:534  0:000  BoardType: 0xA
0:534  0:000  ChassisType: 0xA
0:534  0:000  Converted CustomUUID 9E96C829-98A1-715B-BDED-BCEBE3B7CB25
3:649  3:114  === [ ScanVolumes ] =======================================
3:649  0:000  Found 13 volumes with blockIO
3:649  0:000  - [00]: Volume: PciRoot(0x0)\Pci(0x14,0x0)\USB(0x0,0x0)
3:651  0:002          Result of bootcode detection: bootable unknown (legacy)
3:651  0:000          USB volume
3:651  0:000  - [01]: Volume: PciRoot(0x0)\Pci(0x14,0x0)\USB(0x0,0x0)\HD(1,MBR,0x31E4C27C,0x2,0xC8000)
3:653  0:002          Result of bootcode detection: bootable unknown (legacy)
3:653  0:000          USB volume
3:673  0:019  - [02]: Volume: PciRoot(0x0)\Pci(0x14,0x0)\USB(0x0,0x0)\HD(2,MBR,0x31E4C27C,0xC8003,0x1D19FFD)
3:675  0:002          USB volume
3:675  0:000  - [03]: Volume: PciRoot(0x0)\Pci(0x1F,0x2)\Sata(0x0,0xFFFF,0x0)
3:678  0:003  - [04]: Volume: PciRoot(0x0)\Pci(0x1F,0x2)\Sata(0x0,0xFFFF,0x0)\HD(1,GPT,FB7D019E-B161-4B5B-92F3-5FBA91DFC2FD,0x800,0xFA000)
3:684  0:006          Result of bootcode detection: bootable Windows (vista,win)
3:687  0:002          This is SelfVolume !!
3:687  0:000  - [05]: Volume: PciRoot(0x0)\Pci(0x1F,0x2)\Sata(0x0,0xFFFF,0x0)\HD(2,GPT,C7761A83-B63F-4BB6-A2AC-587FC919019D,0x252800,0xAF2FB08)
3:699  0:011          Result of bootcode detection: bootable Windows (vista,win)
3:699  0:000  - [06]: Volume: PciRoot(0x0)\Pci(0x1F,0x2)\Sata(0x0,0xFFFF,0x0)\HD(3,GPT,93AD13E1-DE15-4A8C-A543-20FF1AB5EE4B,0xB4C7000,0x200000)
3:710  0:011  - [07]: Volume: PciRoot(0x0)\Pci(0x1F,0x2)\Sata(0x0,0xFFFF,0x0)\HD(4,GPT,05AD9A68-7EFA-4D4D-A714-9EA122D7FE98,0xB6C7000,0xB30A000)
3:718  0:008  - [08]: Volume: PciRoot(0x0)\Pci(0x1F,0x2)\Sata(0x0,0xFFFF,0x0)\HD(5,GPT,0BFC58A5-F804-44E1-86FE-5FD81815624B,0x169D1000,0xA000800)
3:726  0:007          Result of bootcode detection: bootable Windows (vista,win)
3:733  0:007  - [09]: Volume: PciRoot(0x0)\Pci(0x1F,0x2)\Sata(0x0,0xFFFF,0x0)\HD(6,GPT,087E768C-8D7C-4C70-83B6-94142B020A23,0x209D1800,0xB2CA0E0)
3:746  0:012  - [10]: Volume: PciRoot(0x0)\Pci(0x1F,0x2)\Sata(0x0,0xFFFF,0x0)\HD(7,GPT,B2E79A02-223D-4BD0-8D46-012D58637917,0x2BC9B8E0,0x135F20)
3:755  0:009  - [11]: Volume: PciRoot(0x0)\Pci(0x1F,0x2)\Sata(0x0,0xFFFF,0x0)\HD(8,GPT,074BC64F-1D08-4099-936B-7F0AB6FB2D86,0x2BDD1800,0x3E801000)
3:761  0:005          Result of bootcode detection: bootable Windows (vista,win)
3:770  0:009  - [12]: Volume: PciRoot(0x0)\Pci(0x1F,0x2)\Sata(0x0,0xFFFF,0x0)\HD(9,GPT,4BC2831B-7184-45F8-A9D5-ED6A7F449757,0x6A5D2800,0xA134000)
3:786  0:016          Result of bootcode detection: bootable Windows (vista,win)
3:790  0:004          hiding this volume
3:790  0:000  === [ InitTheme ] =========================================
3:830  0:039  Using theme 'Material' (EFI\CLOVER\themes\Material)
3:830  0:000  OS main and drive as badge
3:835  0:004  Loading font from ThemeDir: Success
3:835  0:000  Choosing theme Material
3:835  0:000  after NVRAM boot-args=dart=0 nv_disable=1 keepsyms=1 kextlog=0xffff -lilubeta -igfxbeta -hbfxdbg -hbfxbeta -hbfx-patch-pci abm_firstpolldelay=5000 debug=0x12a acpi_layer=0x08 acpi_level=0x02 msgbuf=131072
3:835  0:000  === [ Dump SMC keys from NVRAM ] ==========================
3:835  0:000  found AppleSMC protocol
3:845  0:010  Registered 17 SMC keys
3:846  0:001  === [ ScanLoader ] ========================================
3:846  0:000  - [01]: 'CLOVE'
3:860  0:013          AddLoaderEntry for Volume Name=CLOVE
3:879  0:019          AddLoaderEntry for Volume Name=CLOVE
3:885  0:005  - [02]: 'Install macOS High Sierra'
3:887  0:002          AddLoaderEntry for Volume Name=Install macOS High Sierra
3:924  0:036  - [04]: 'EFI'
3:963  0:038          AddLoaderEntry for Volume Name=EFI
3:989  0:025          AddLoaderEntry for Volume Name=EFI
3:995  0:006  - [05]: 'win'
4:006  0:011  - [08]: 'software'
4:017  0:011  - [09]: 'Macintosh'
4:076  0:058          AddLoaderEntry for Volume Name=Macintosh
4:131  0:054      Check if volume Is Hibernated:
4:131  0:000      Check sleep image 'by signature':
4:189  0:058      read prefs \Library\Preferences\com.apple.PowerManagement.plist status=Success
4:189  0:000      using default sleep image name = \private\var\vm\sleepimage
4:230  0:040      no valid sleep image offset was found
4:230  0:000       sleepimage offset could not be acquired
4:230  0:000      hibernated: no - sign
4:277  0:047  - [10]: 'Recovery HD'
4:292  0:015          AddLoaderEntry for Volume Name=Recovery HD
4:309  0:016  - [11]: 'data'
4:320  0:011  - [12]: 'backup', hidden
4:320  0:000  === [ AddCustomTool ] =====================================
4:347  0:027  found tool \EFI\CLOVER\tools\Shell64U.efi
4:347  0:000  Checking EFI partition Volume 4 for Clover
4:347  0:000   Found Clover
4:350  0:003  === [ GetEfiBootDeviceFromNvram ] =========================
4:350  0:000   - efi-boot-device-data: PciRoot(0x0)\Pci(0x1F,0x2)\Sata(0x0,0xFFFF,0x0)\HD(6,GPT,087E768C-8D7C-4C70-83B6-94142B020A23,0x209D1800,0xB2CA0E0)
4:350  0:000    - Volume: 'PciRoot(0x0)\Pci(0x1F,0x2)\Sata(0x0,0xFFFF,0x0)\HD(6,GPT,087E768C-8D7C-4C70-83B6-94142B020A23,0x209D1800,0xB2CA0E0)'
4:350  0:000    - LoaderPath: '<null string>'
4:350  0:000    - Guid = 087E768C-8D7C-4C70-83B6-94142B020A23
4:350  0:000  === [ FindStartupDiskVolume ] =============================
4:350  0:000    - Volume: partition = PciRoot(0x0)\Pci(0x1F,0x2)\Sata(0x0,0xFFFF,0x0)\HD(6,GPT,087E768C-8D7C-4C70-83B6-94142B020A23,0x209D1800,0xB2CA0E0)
4:351  0:000     - searching for that partition
4:351  0:000      - found entry 5. 'Boot macOS from Macintosh', Volume 'Macintosh'
4:351  0:000  Boot redirected to Entry 5. 'Boot macOS from Macintosh'
4:351  0:000  DefaultIndex=5 and MainMenu.EntryCount=13
4:615  0:264  GUI ready
45:554  40:938  BootVariable of the entry is empty
45:554  0:000  === [ StartLoader ] =======================================
45:554  0:000  Finally: ExternalClock=24MHz BusSpeed=99769kHz CPUFreq=2594MHz PIS: hw.busfrequency=96000000Hz
45:554  0:000  Loading boot.efi  status=Success
45:642  0:088  GetOSVersion: 10.13.3 (17D39a)
45:642  0:000  CSR_CFG: CSR_ALLOW_UNTRUSTED_KEXTS | CSR_ALLOW_UNRESTRICTED_FS | CSR_ALLOW_KERNEL_DEBUGGER | CSR_ALLOW_APPLE_INTERNAL | CSR_ALLOW_UNRESTRICTED_DTRACE
45:642  0:000  Filtering KextPatches:
45:642  0:000   - [00]: com.apple.driver.AppleIntelFramebufferAzul (framebuffer patch for 0600260A) :: BinPatch :: [OS: 10.13.3 | MatchOS: All | MatchBuild: All] ==> disabled by user
45:642  0:000   - [01]: com.apple.driver.AppleIntelFramebufferAzul (framebuffer patch for 0600260A matching 0700260D) :: BinPatch :: [OS: 10.13.3 | MatchOS: All | MatchBuild: All] ==> allowed
45:642  0:000   - [02]: com.apple.driver.AppleIntelFramebufferAzul (connector type patch for 0204 (hdmi)) :: BinPatch :: [OS: 10.13.3 | MatchOS: All | MatchBuild: All] ==> allowed
45:642  0:000   - [03]: com.apple.driver.AppleIntelFramebufferAzul (connector type patch for 0306 (dp)) :: BinPatch :: [OS: 10.13.3 | MatchOS: All | MatchBuild: All] ==> allowed
45:642  0:000   - [04]: com.apple.driver.AppleGraphicsDevicePolicy (Disable board-id check to prevent no signal (c) lvs1974, Pike R. Alpha, vit9696) :: BinPatch :: [OS: 10.13.3 | MatchOS: 10.9.3,10.9.4,10.9.5,10.10.x,10.11.x,10.12.x,10.13 | MatchBuild: All] ==> allowed
45:642  0:000   - [05]: AppleGraphicsDevicePolicy (AppleGraphicsDevicePolicy (board-id) Patch (c) Pike R. Alpha) :: BinPatch :: [OS: 10.13.3 | MatchOS: All | MatchBuild: All] ==> allowed
45:642  0:000   - [06]: com.apple.driver.AppleIntelFramebufferAzul (0x0a260006 9MB cursor bytes, vbo) :: BinPatch :: [OS: 10.13.3 | MatchOS: All | MatchBuild: All] ==> disabled by user
45:642  0:000   - [07]: com.apple.driver.AppleIntelFramebufferAzul (Enable fourth connector by changing port count, 0x0a260006, RehabMan) :: BinPatch :: [OS: 10.13.3 | MatchOS: All | MatchBuild: All] ==> disabled by user
45:642  0:000   - [08]: com.apple.driver.AppleIntelFramebufferAzul (Add missing 0306 DP connector) :: BinPatch :: [OS: 10.13.3 | MatchOS: All | MatchBuild: All] ==> disabled by user
45:642  0:000   - [09]: IOAHCIBlockStorage (Enable TRIM for SSD) :: BinPatch :: [OS: 10.13.3 | MatchOS: All | MatchBuild: All] ==> disabled by user
45:642  0:000   - [10]: AppleRTC (patch_AppleRTC) :: BinPatch :: [OS: 10.13.3 | MatchOS: All | MatchBuild: All] ==> allowed
45:642  0:000   - [11]: AppleUSBXHCI (Enable USB3 after wake for Intel 8 series chipset) :: BinPatch :: [OS: 10.13.3 | MatchOS: All | MatchBuild: All] ==> disabled by user
45:642  0:000   - [12]: com.apple.driver.AppleBacklight (change F%uT%04x to F%uTxxxx in AppleBacklightInjector.kext (credit RehabMan)) :: BinPatch :: [OS: 10.13.3 | MatchOS: All | MatchBuild: All] ==> allowed
45:642  0:000   - [13]: com.apple.iokit.IOGraphicsFamily (Boot graphics glitch, 10.12.dp1 (credit denskop)) :: BinPatch :: [OS: 10.13.3 | MatchOS: 10.12.x | MatchBuild: All] ==> not allowed
45:642  0:000   - [14]: com.apple.iokit.IOGraphicsFamily (Boot graphics glitch, 10.13 beta (based on denskop patch)) :: BinPatch :: [OS: 10.13.3 | MatchOS: 10.13.x | MatchBuild: All] ==> allowed
45:642  0:000   - [15]: AirPortBrcm4360 (10.11-BCM94352-5GHz-US-FCC-dv) :: BinPatch :: [OS: 10.13.3 | MatchOS: All | MatchBuild: All] ==> allowed
45:642  0:000   - [16]: AirPortBrcm4360 (AirPort Extreme) :: BinPatch :: [OS: 10.13.3 | MatchOS: All | MatchBuild: All] ==> allowed
45:642  0:000   - [17]: AirPortBrcm4360 (AirPortBrcm4360 - fcvo) :: BinPatch :: [OS: 10.13.3 | MatchOS: All | MatchBuild: All] ==> allowed
45:642  0:000  Filtering KernelPatches:
45:642  0:000   - [00]: Disable panic kext logging on 10.13 Debug kernel :: [OS: 10.13.3 | MatchOS: 10.13 | MatchBuild: no] ==> allowed by OS
45:642  0:000   - [01]: Disable panic kext logging on 10.13 Release kernel :: [OS: 10.13.3 | MatchOS: 10.13 | MatchBuild: no] ==> allowed by OS
45:642  0:000   - [02]: MSR 0xE2 _xcpm_idle instant reboot(c) Pike R. Alpha :: [OS: 10.13.3 | MatchOS: 10.12.x,10.11.x | MatchBuild: no] ==> not allowed by OS
45:642  0:000  Will not patch boot.efi
45:642  0:000  === [ PatchSmbios ] =======================================
45:642  0:000  insert table 9 for dev 0:1
45:642  0:000  insert table 9 for dev 0:0
45:643  0:000  Trusting SMBIOS...
45:643  0:000  Channels: 2
45:643  0:000  Interleave: 0 2 1 3 4 6 5 7 8 10 9 11 12 14 13 15 16 18 17 19 20 22 21 23
45:643  0:000  SMBIOS Type 17 Index = 0 => 0 0:
45:643  0:000  BANK 0 DIMM0 EMPTY
45:643  0:000   partNum=9905428-012.A00LF 
45:643  0:000  SMBIOS Type 17 Index = 1 => 2 2:
45:643  0:000  BANK 1 DIMM0 1600MHz 4096MB
45:643  0:000   partNum=M471B1G73QH0-YK0  
45:643  0:000  SMBIOS Type 17 Index = 2 => 1 1:
45:643  0:000  BANK 0 DIMM1 1600MHz 8192MB
45:643  0:000   partNum=M471B5673FH0-CF8  
45:643  0:000  SMBIOS Type 17 Index = 3 => 3 3:
45:643  0:000  BANK 1 DIMM1 1600MHz 2048MB
45:643  0:000  mTotalSystemMemory = 14336
45:643  0:000  NumberOfMemoryDevices = 4
45:643  0:000  Type20[0]->End = 0xBFFFFF, Type17[2] = 0x3000
45:643  0:000  Type20[1]->End = 0x3FFFFF, Type17[1] = 0x4000
45:643  0:000  Type20[2]->End = 0xDFFFFF, Type17[3] = 0x7800
45:643  0:000  Table 131 is present, CPUType=31
45:643  0:000  Change to: 705
45:643  0:000  === [ PatchACPI ] =========================================
45:643  0:000  Xsdt reallocation done
45:643  0:000  old FADT length=10C
45:643  0:000   SignatureFixup: 0x35F467D0 -> 0
45:689  0:045  Apply DsdtFixMask=0x20060010
45:689  0:000     drop _DSM mask=0xFFFF
45:689  0:000  === [ FixBiosDsdt ] =======================================
45:689  0:000  VideoCard devID=0x4168086
45:689  0:000  DisplayADR1[0] = 0x20000, DisplayADR2[0] = 0xFFFE
45:797  0:108  Audio HDA (addr:0x30000) setting specified layout-id=31 (0x1F)
45:797  0:000  USBADR[0] = 0x140000 and PCIe = 0xFFFE
45:797  0:000  USBADR[1] = 0x1A0000 and PCIe = 0xFFFE
45:905  0:108  Audio HDA (addr:0x1B0000) setting specified layout-id=31 (0x1F)
45:905  0:000  Found Airport BCM at 0x1C0005, 0x0
45:905  0:000  USBADR[2] = 0x1D0000 and PCIe = 0xFFFE
45:906  0:000  Patching DSDT:
45:906  0:000   - [10.11+-Rename-HECI2IMEI]: disabled
45:906  0:000   - [change OSID to XSID (to avoid match against _OSI XOSI patch)]: pattern 4F534944, bin not found / already patched!
45:906  0:000   - [change _OSI to XOSI]: pattern 5F4F5349, patched at: [ (ADB4) (3) (11) (18) (1C) (1C) (1A) (18) (18) (18) (18) (18) ]
45:906  0:000   - [change _DSM to XDSM]: pattern 5F44534D, patched at: [ (1B91) (20F) (20F) (20F) (20F) (20F) (20F) (20F) (4C86) (EC) (AB) (146) (179) (D5) (D5) (D6) (EF) (EF) (EE) (107) (1D6) (3443) (17EC) (C7) ]
45:906  0:000   - [change EC0 to EC]: pattern 4543305F, bin not found / already patched!
45:906  0:000   - [change H_EC to EC]: pattern 485F4543, bin not found / already patched!
45:906  0:000   - [change EHC1 to EH01]: pattern 45484331, patched at: [ (4087) (7F35) (F) (10) ]
45:906  0:000   - [change EHC2 to EH02]: pattern 45484332, patched at: [ (4471) (7B86) (F) (10) ]
45:906  0:000   - [change GFX0 to IGPU]: pattern 47465830, patched at: [ (944A) (21) (11AE) (CC8) (30) (16B) (373) (F70) (14) (7C) (1C8C) (245A) (537) (7D) (9) (23) (74) (9) (23) (169) (FC) (105) ]
45:906  0:000   - [change B0D3 to HDAU]: pattern 42304433, patched at: [ (A648) (1D) (17) (F) ]
45:906  0:000   - [change SAT0 to SATA (?)]: pattern 53415430, patched at: [ (8B06) (27F6) (35) (172) (1B) (21) (21) (21) (13D) (29) (2E) (2E) (2E) (E5) ]
45:906  0:000   - [change _Q12 to XQ12]: pattern 5F513132, patched at: [ (10F2A) ]
45:906  0:000   - [change _Q11 to XQ11]: pattern 5F513131, patched at: [ (10E7E) ]
45:906  0:000   - [change Method(_PTS,1,N) to ZPTS, pair with SSDT-PTSWAK.aml]: pattern 5F505453, patched at: [ (9E97) ]
45:906  0:000   - [change Method(_PTS,1,S) to ZPTS, pair with SSDT-PTSWAK.aml]: pattern 5F505453, bin not found / already patched!
45:907  0:000   - [change Method(_WAK,1,N) to ZWAK, pair with SSDT-PTSWAK.aml]: pattern 5F57414B, bin not found / already patched!
45:907  0:000   - [change Method(_WAK,1,S) to ZWAK, pair with SSDT-PTSWAK.aml]: pattern 5F57414B, patched at: [ (A448) ]
45:907  0:000   - [change Method(XWAK,0,N) to ZWAK, pair with SSDT-XWAK.aml]: pattern 5857414B, bin not found / already patched!
45:907  0:000   - [change Method(XWAK,0,S) to ZWAK, pair with SSDT-XWAK.aml]: pattern 5857414B, patched at: [ (4EE3) ]
45:907  0:000   - [change Method(XSEL,0,N) to XSEZ, pair with SSDT-XSEL.aml]: pattern 5853454C, bin not found / already patched!
45:907  0:000   - [change Method(XSEL,0,S) to XSEZ, pair with SSDT-XSEL.aml]: pattern 5853454C, patched at: [ (4E4E) ]
45:907  0:000   - [change Method(ESEL,0,N) to ESEZ, pair with SSDT-ESEL.aml]: pattern 4553454C, bin not found / already patched!
45:907  0:000   - [change Method(ESEL,0,S) to ESEZ, pair with SSDT-ESEL.aml]: pattern 4553454C, patched at: [ (4EA3) ]
45:907  0:000   - [change Method(GPRW,2,N) to XPRW, pair with SSDT-GPRW.aml]: pattern 47505257, patched at: [ (B106) ]
45:907  0:000   - [change Method(UPRW,2,N) to XPRW, pair with SSDT-UPRW.aml]: pattern 55505257, bin not found / already patched!
45:907  0:000   - [change GLAN to LANC]: pattern 474C414E, patched at: [ (4065) (806F) ]
45:907  0:000   - [change LANC Method(_PRW,0,S) to Method(XPRW,0,..), pair with SSDT-LANC_PRW.aml]: pattern 00001900, bin not found / already patched!
45:907  0:000   - [change Name (_ADR, 0x00190000) Method(_PRW to Name (_ADR, 0x00190000) Method(XPRW, pair with SSDT-GLAN_PRW.aml]: pattern 5F414452, patched at: [ (406A) ]
45:907  0:000   - [disable B0D3/HDEF]: disabled
45:907  0:000  first CPU found at 99EC offset 99F0
45:907  0:000  score candidate at 99E8
45:907  0:000  score inserted in acpi_cpu_score _PR_
45:907  0:000  Found ACPI CPU: CPU0 | CPU1 | CPU2 | CPU3 | CPU4 | CPU5 | CPU6 | CPU7 , within the score: _PR_
45:908  0:000  Found PCIROOTUID = 0
45:908  0:000  Start RTC Fix
45:908  0:000  found RTC Length not match, Maybe will cause CMOS reset will patch it.
45:908  0:000  found RTC had IRQNoFlag will move -3 bytes
45:908  0:000  ...len=11F36
45:908  0:000  new size written to 358D shift=0 len=11F36
45:908  0:000  len after correct outers 11F36
45:908  0:000  Start TMR Fix
45:908  0:000  Start HPET Fix
45:908  0:000  PreCleanup XSDT: count=23, length=220
45:908  0:000  PreCleanup XSDT, corrected XSDT: count=23, length=220
45:908  0:000  === [ ACPIPatchedAML ] ====================================
45:908  0:000  AutoMerge pass 1
45:908  0:000  Unsorted
45:908  0:000  Inserting SSDT-XWAK.aml from EFI\CLOVER\ACPI\patched: ignore on pass 1
45:908  0:000  Inserting SSDT-XSEL.aml from EFI\CLOVER\ACPI\patched: ignore on pass 1
45:908  0:000  Inserting SSDT-XOSI.aml from EFI\CLOVER\ACPI\patched: ignore on pass 1
45:908  0:000  Inserting SSDT-XHC.AML from EFI\CLOVER\ACPI\patched: ignore on pass 1
45:908  0:000  Inserting SSDT-UIAC.aml from EFI\CLOVER\ACPI\patched: ignore on pass 1
45:908  0:000  Inserting SSDT-SMBUS.aml from EFI\CLOVER\ACPI\patched: ignore on pass 1
45:908  0:000  Inserting SSDT-SATA.aml from EFI\CLOVER\ACPI\patched: ignore on pass 1
45:908  0:000  Inserting SSDT-PTSWAK.aml from EFI\CLOVER\ACPI\patched: ignore on pass 1
45:908  0:000  Inserting SSDT-PNLF.aml from EFI\CLOVER\ACPI\patched: ignore on pass 1
45:908  0:000  Inserting SSDT-IMEI.aml from EFI\CLOVER\ACPI\patched: ignore on pass 1
45:908  0:000  Inserting SSDT-IGPU.aml from EFI\CLOVER\ACPI\patched: ignore on pass 1
45:908  0:000  Inserting SSDT-IGPU_old.aml from EFI\CLOVER\ACPI\patched: ignore on pass 1
45:908  0:000  Inserting SSDT-HDEF.aml from EFI\CLOVER\ACPI\patched: ignore on pass 1
45:908  0:000  Inserting SSDT-HDAU.aml from EFI\CLOVER\ACPI\patched: ignore on pass 1
45:908  0:000  Inserting SSDT-HACK.aml from EFI\CLOVER\ACPI\patched: ignore on pass 1
45:908  0:000  Inserting SSDT-GPRW.aml from EFI\CLOVER\ACPI\patched: ignore on pass 1
45:908  0:000  Inserting SSDT-GLAN_PRW.aml from EFI\CLOVER\ACPI\patched: ignore on pass 1
45:908  0:000  Inserting SSDT-ESEL.aml from EFI\CLOVER\ACPI\patched: ignore on pass 1
45:908  0:000  Inserting SSDT-EH02.aml from EFI\CLOVER\ACPI\patched: ignore on pass 1
45:908  0:000  Inserting SSDT-EH01.aml from EFI\CLOVER\ACPI\patched: ignore on pass 1
45:908  0:000  Inserting SSDT-Disable_DGPU.aml from EFI\CLOVER\ACPI\patched: ignore on pass 1
45:908  0:000  Inserting SSDT-Debug.aml from EFI\CLOVER\ACPI\patched: ignore on pass 1
45:908  0:000  Inserting SSDT-CPU.AML from EFI\CLOVER\ACPI\patched: ignore on pass 1
45:908  0:000  Inserting SSDT-Config.aml from EFI\CLOVER\ACPI\patched: ignore on pass 1
45:908  0:000  Inserting SSDT-ALS0.aml from EFI\CLOVER\ACPI\patched: ignore on pass 1
45:908  0:000  Inserting SSDT-ALC892.aml from EFI\CLOVER\ACPI\patched: ignore on pass 1
45:908  0:000  Inserting SSDT-ACPIBATT.aml from EFI\CLOVER\ACPI\patched: ignore on pass 1
45:908  0:000  === [ ACPIDropTables ] ====================================
45:908  0:000  Drop tables from XSDT, SIGN=DMAR TableID=PARADISE Length=184
45:908  0:000   Table[20]: DMAR  PARADISE  184 dropped
45:908  0:000  === [ PatchAllSSDT ] ======================================
45:908  0:000  Patch table: SSDT  PARADISE len=0xB1
45:908  0:000  0. [10.11+-Rename-HECI2IMEI]: disabled
45:908  0:000  1. [change OSID to XSID (to avoid match against _OSI XOSI patch)]: pattern 4F534944, bin not found / already patched!
45:908  0:000  2. [change _OSI to XOSI]: pattern 5F4F5349, bin not found / already patched!
45:908  0:000  3. [change _DSM to XDSM]: pattern 5F44534D, bin not found / already patched!
45:908  0:000  4. [change EC0 to EC]: pattern 4543305F, bin not found / already patched!
45:908  0:000  5. [change H_EC to EC]: pattern 485F4543, bin not found / already patched!
45:908  0:000  6. [change EHC1 to EH01]: pattern 45484331, bin not found / already patched!
45:908  0:000  7. [change EHC2 to EH02]: pattern 45484332, bin not found / already patched!
45:908  0:000  8. [change GFX0 to IGPU]: pattern 47465830, bin not found / already patched!
45:908  0:000  9. [change B0D3 to HDAU]: pattern 42304433, bin not found / already patched!
45:908  0:000  10. [change SAT0 to SATA (?)]: pattern 53415430, bin not found / already patched!
45:908  0:000  11. [change _Q12 to XQ12]: pattern 5F513132, bin not found / already patched!
45:908  0:000  12. [change _Q11 to XQ11]: pattern 5F513131, bin not found / already patched!
45:908  0:000  13. [change Method(_PTS,1,N) to ZPTS, pair with SSDT-PTSWAK.aml]: pattern 5F505453, bin not found / already patched!
45:908  0:000  14. [change Method(_PTS,1,S) to ZPTS, pair with SSDT-PTSWAK.aml]: pattern 5F505453, bin not found / already patched!
45:908  0:000  15. [change Method(_WAK,1,N) to ZWAK, pair with SSDT-PTSWAK.aml]: pattern 5F57414B, bin not found / already patched!
45:908  0:000  16. [change Method(_WAK,1,S) to ZWAK, pair with SSDT-PTSWAK.aml]: pattern 5F57414B, bin not found / already patched!
45:908  0:000  17. [change Method(XWAK,0,N) to ZWAK, pair with SSDT-XWAK.aml]: pattern 5857414B, bin not found / already patched!
45:908  0:000  18. [change Method(XWAK,0,S) to ZWAK, pair with SSDT-XWAK.aml]: pattern 5857414B, bin not found / already patched!
45:908  0:000  19. [change Method(XSEL,0,N) to XSEZ, pair with SSDT-XSEL.aml]: pattern 5853454C, bin not found / already patched!
45:908  0:000  20. [change Method(XSEL,0,S) to XSEZ, pair with SSDT-XSEL.aml]: pattern 5853454C, bin not found / already patched!
45:908  0:000  21. [change Method(ESEL,0,N) to ESEZ, pair with SSDT-ESEL.aml]: pattern 4553454C, bin not found / already patched!
45:908  0:000  22. [change Method(ESEL,0,S) to ESEZ, pair with SSDT-ESEL.aml]: pattern 4553454C, bin not found / already patched!
45:908  0:000  23. [change Method(GPRW,2,N) to XPRW, pair with SSDT-GPRW.aml]: pattern 47505257, bin not found / already patched!
45:908  0:000  24. [change Method(UPRW,2,N) to XPRW, pair with SSDT-UPRW.aml]: pattern 55505257, bin not found / already patched!
45:908  0:000  25. [change GLAN to LANC]: pattern 474C414E, bin not found / already patched!
45:908  0:000  26. [change LANC Method(_PRW,0,S) to Method(XPRW,0,..), pair with SSDT-LANC_PRW.aml]: pattern 00001900, bin not found / already patched!
45:908  0:000  27. [change Name (_ADR, 0x00190000) Method(_PRW to Name (_ADR, 0x00190000) Method(XPRW, pair with SSDT-GLAN_PRW.aml]: pattern 5F414452, bin not found / already patched!
45:908  0:000  28. [disable B0D3/HDEF]: disabled
45:908  0:000  Patch table: SSDT  PARADISE len=0xF92
45:908  0:000  0. [10.11+-Rename-HECI2IMEI]: disabled
45:908  0:000  1. [change OSID to XSID (to avoid match against _OSI XOSI patch)]: pattern 4F534944, bin not found / already patched!
45:908  0:000  2. [change _OSI to XOSI]: pattern 5F4F5349, bin not found / already patched!
45:908  0:000  3. [change _DSM to XDSM]: pattern 5F44534D, bin not found / already patched!
45:908  0:000  4. [change EC0 to EC]: pattern 4543305F, bin not found / already patched!
45:908  0:000  5. [change H_EC to EC]: pattern 485F4543, bin not found / already patched!
45:908  0:000  6. [change EHC1 to EH01]: pattern 45484331, bin not found / already patched!
45:908  0:000  7. [change EHC2 to EH02]: pattern 45484332, bin not found / already patched!
45:908  0:000  8. [change GFX0 to IGPU]: pattern 47465830, bin not found / already patched!
45:908  0:000  9. [change B0D3 to HDAU]: pattern 42304433, bin not found / already patched!
45:908  0:000  10. [change SAT0 to SATA (?)]: pattern 53415430, bin not found / already patched!
45:908  0:000  11. [change _Q12 to XQ12]: pattern 5F513132, bin not found / already patched!
45:908  0:000  12. [change _Q11 to XQ11]: pattern 5F513131, bin not found / already patched!
45:908  0:000  13. [change Method(_PTS,1,N) to ZPTS, pair with SSDT-PTSWAK.aml]: pattern 5F505453, bin not found / already patched!
45:908  0:000  14. [change Method(_PTS,1,S) to ZPTS, pair with SSDT-PTSWAK.aml]: pattern 5F505453, bin not found / already patched!
45:908  0:000  15. [change Method(_WAK,1,N) to ZWAK, pair with SSDT-PTSWAK.aml]: pattern 5F57414B, bin not found / already patched!
45:908  0:000  16. [change Method(_WAK,1,S) to ZWAK, pair with SSDT-PTSWAK.aml]: pattern 5F57414B, bin not found / already patched!
45:908  0:000  17. [change Method(XWAK,0,N) to ZWAK, pair with SSDT-XWAK.aml]: pattern 5857414B, bin not found / already patched!
45:908  0:000  18. [change Method(XWAK,0,S) to ZWAK, pair with SSDT-XWAK.aml]: pattern 5857414B, bin not found / already patched!
45:908  0:000  19. [change Method(XSEL,0,N) to XSEZ, pair with SSDT-XSEL.aml]: pattern 5853454C, bin not found / already patched!
45:908  0:000  20. [change Method(XSEL,0,S) to XSEZ, pair with SSDT-XSEL.aml]: pattern 5853454C, bin not found / already patched!
45:908  0:000  21. [change Method(ESEL,0,N) to ESEZ, pair with SSDT-ESEL.aml]: pattern 4553454C, bin not found / already patched!
45:908  0:000  22. [change Method(ESEL,0,S) to ESEZ, pair with SSDT-ESEL.aml]: pattern 4553454C, bin not found / already patched!
45:908  0:000  23. [change Method(GPRW,2,N) to XPRW, pair with SSDT-GPRW.aml]: pattern 47505257, bin not found / already patched!
45:908  0:000  24. [change Method(UPRW,2,N) to XPRW, pair with SSDT-UPRW.aml]: pattern 55505257, bin not found / already patched!
45:908  0:000  25. [change GLAN to LANC]: pattern 474C414E, bin not found / already patched!
45:908  0:000  26. [change LANC Method(_PRW,0,S) to Method(XPRW,0,..), pair with SSDT-LANC_PRW.aml]: pattern 00001900, bin not found / already patched!
45:908  0:000  27. [change Name (_ADR, 0x00190000) Method(_PRW to Name (_ADR, 0x00190000) Method(XPRW, pair with SSDT-GLAN_PRW.aml]: pattern 5F414452, bin not found / already patched!
45:908  0:000  28. [disable B0D3/HDEF]: disabled
45:908  0:000  Patch table: SSDT  PARADISE len=0x169
45:908  0:000  0. [10.11+-Rename-HECI2IMEI]: disabled
45:908  0:000  1. [change OSID to XSID (to avoid match against _OSI XOSI patch)]: pattern 4F534944, bin not found / already patched!
45:908  0:000  2. [change _OSI to XOSI]: pattern 5F4F5349, bin not found / already patched!
45:908  0:000  3. [change _DSM to XDSM]: pattern 5F44534D, bin not found / already patched!
45:908  0:000  4. [change EC0 to EC]: pattern 4543305F, bin not found / already patched!
45:908  0:000  5. [change H_EC to EC]: pattern 485F4543, bin not found / already patched!
45:908  0:000  6. [change EHC1 to EH01]: pattern 45484331, bin not found / already patched!
45:908  0:000  7. [change EHC2 to EH02]: pattern 45484332, bin not found / already patched!
45:908  0:000  8. [change GFX0 to IGPU]: pattern 47465830, bin not found / already patched!
45:908  0:000  9. [change B0D3 to HDAU]: pattern 42304433, bin not found / already patched!
45:908  0:000  10. [change SAT0 to SATA (?)]: pattern 53415430, bin not found / already patched!
45:908  0:000  11. [change _Q12 to XQ12]: pattern 5F513132, bin not found / already patched!
45:908  0:000  12. [change _Q11 to XQ11]: pattern 5F513131, bin not found / already patched!
45:908  0:000  13. [change Method(_PTS,1,N) to ZPTS, pair with SSDT-PTSWAK.aml]: pattern 5F505453, bin not found / already patched!
45:908  0:000  14. [change Method(_PTS,1,S) to ZPTS, pair with SSDT-PTSWAK.aml]: pattern 5F505453, bin not found / already patched!
45:908  0:000  15. [change Method(_WAK,1,N) to ZWAK, pair with SSDT-PTSWAK.aml]: pattern 5F57414B, bin not found / already patched!
45:908  0:000  16. [change Method(_WAK,1,S) to ZWAK, pair with SSDT-PTSWAK.aml]: pattern 5F57414B, bin not found / already patched!
45:908  0:000  17. [change Method(XWAK,0,N) to ZWAK, pair with SSDT-XWAK.aml]: pattern 5857414B, bin not found / already patched!
45:908  0:000  18. [change Method(XWAK,0,S) to ZWAK, pair with SSDT-XWAK.aml]: pattern 5857414B, bin not found / already patched!
45:908  0:000  19. [change Method(XSEL,0,N) to XSEZ, pair with SSDT-XSEL.aml]: pattern 5853454C, bin not found / already patched!
45:908  0:000  20. [change Method(XSEL,0,S) to XSEZ, pair with SSDT-XSEL.aml]: pattern 5853454C, bin not found / already patched!
45:908  0:000  21. [change Method(ESEL,0,N) to ESEZ, pair with SSDT-ESEL.aml]: pattern 4553454C, bin not found / already patched!
45:908  0:000  22. [change Method(ESEL,0,S) to ESEZ, pair with SSDT-ESEL.aml]: pattern 4553454C, bin not found / already patched!
45:908  0:000  23. [change Method(GPRW,2,N) to XPRW, pair with SSDT-GPRW.aml]: pattern 47505257, bin not found / already patched!
45:908  0:000  24. [change Method(UPRW,2,N) to XPRW, pair with SSDT-UPRW.aml]: pattern 55505257, bin not found / already patched!
45:908  0:000  25. [change GLAN to LANC]: pattern 474C414E, bin not found / already patched!
45:908  0:000  26. [change LANC Method(_PRW,0,S) to Method(XPRW,0,..), pair with SSDT-LANC_PRW.aml]: pattern 00001900, bin not found / already patched!
45:908  0:000  27. [change Name (_ADR, 0x00190000) Method(_PRW to Name (_ADR, 0x00190000) Method(XPRW, pair with SSDT-GLAN_PRW.aml]: pattern 5F414452, bin not found / already patched!
45:908  0:000  28. [disable B0D3/HDEF]: disabled
45:908  0:000  Patch table: SSDT  PARADISE len=0x539
45:908  0:000  0. [10.11+-Rename-HECI2IMEI]: disabled
45:908  0:000  1. [change OSID to XSID (to avoid match against _OSI XOSI patch)]: pattern 4F534944, bin not found / already patched!
45:908  0:000  2. [change _OSI to XOSI]: pattern 5F4F5349, bin not found / already patched!
45:908  0:000  3. [change _DSM to XDSM]: pattern 5F44534D, bin not found / already patched!
45:908  0:000  4. [change EC0 to EC]: pattern 4543305F, bin not found / already patched!
45:908  0:000  5. [change H_EC to EC]: pattern 485F4543, bin not found / already patched!
45:908  0:000  6. [change EHC1 to EH01]: pattern 45484331, bin not found / already patched!
45:908  0:000  7. [change EHC2 to EH02]: pattern 45484332, bin not found / already patched!
45:908  0:000  8. [change GFX0 to IGPU]: pattern 47465830, bin not found / already patched!
45:908  0:000  9. [change B0D3 to HDAU]: pattern 42304433, bin not found / already patched!
45:908  0:000  10. [change SAT0 to SATA (?)]: pattern 53415430, bin not found / already patched!
45:908  0:000  11. [change _Q12 to XQ12]: pattern 5F513132, bin not found / already patched!
45:908  0:000  12. [change _Q11 to XQ11]: pattern 5F513131, bin not found / already patched!
45:908  0:000  13. [change Method(_PTS,1,N) to ZPTS, pair with SSDT-PTSWAK.aml]: pattern 5F505453, bin not found / already patched!
45:908  0:000  14. [change Method(_PTS,1,S) to ZPTS, pair with SSDT-PTSWAK.aml]: pattern 5F505453, bin not found / already patched!
45:908  0:000  15. [change Method(_WAK,1,N) to ZWAK, pair with SSDT-PTSWAK.aml]: pattern 5F57414B, bin not found / already patched!
45:908  0:000  16. [change Method(_WAK,1,S) to ZWAK, pair with SSDT-PTSWAK.aml]: pattern 5F57414B, bin not found / already patched!
45:908  0:000  17. [change Method(XWAK,0,N) to ZWAK, pair with SSDT-XWAK.aml]: pattern 5857414B, bin not found / already patched!
45:908  0:000  18. [change Method(XWAK,0,S) to ZWAK, pair with SSDT-XWAK.aml]: pattern 5857414B, bin not found / already patched!
45:908  0:000  19. [change Method(XSEL,0,N) to XSEZ, pair with SSDT-XSEL.aml]: pattern 5853454C, bin not found / already patched!
45:908  0:000  20. [change Method(XSEL,0,S) to XSEZ, pair with SSDT-XSEL.aml]: pattern 5853454C, bin not found / already patched!
45:908  0:000  21. [change Method(ESEL,0,N) to ESEZ, pair with SSDT-ESEL.aml]: pattern 4553454C, bin not found / already patched!
45:908  0:000  22. [change Method(ESEL,0,S) to ESEZ, pair with SSDT-ESEL.aml]: pattern 4553454C, bin not found / already patched!
45:908  0:000  23. [change Method(GPRW,2,N) to XPRW, pair with SSDT-GPRW.aml]: pattern 47505257, bin not found / already patched!
45:908  0:000  24. [change Method(UPRW,2,N) to XPRW, pair with SSDT-UPRW.aml]: pattern 55505257, bin not found / already patched!
45:908  0:000  25. [change GLAN to LANC]: pattern 474C414E, bin not found / already patched!
45:908  0:000  26. [change LANC Method(_PRW,0,S) to Method(XPRW,0,..), pair with SSDT-LANC_PRW.aml]: pattern 00001900, bin not found / already patched!
45:908  0:000  27. [change Name (_ADR, 0x00190000) Method(_PRW to Name (_ADR, 0x00190000) Method(XPRW, pair with SSDT-GLAN_PRW.aml]: pattern 5F414452, bin not found / already patched!
45:908  0:000  28. [disable B0D3/HDEF]: disabled
45:908  0:000  Patch table: SSDT  PARADISE len=0xAD8
45:908  0:000  0. [10.11+-Rename-HECI2IMEI]: disabled
45:908  0:000  1. [change OSID to XSID (to avoid match against _OSI XOSI patch)]: pattern 4F534944, bin not found / already patched!
45:908  0:000  2. [change _OSI to XOSI]: pattern 5F4F5349, bin not found / already patched!
45:908  0:000  3. [change _DSM to XDSM]: pattern 5F44534D, bin not found / already patched!
45:908  0:000  4. [change EC0 to EC]: pattern 4543305F, bin not found / already patched!
45:909  0:000  5. [change H_EC to EC]: pattern 485F4543, bin not found / already patched!
45:909  0:000  6. [change EHC1 to EH01]: pattern 45484331, bin not found / already patched!
45:909  0:000  7. [change EHC2 to EH02]: pattern 45484332, bin not found / already patched!
45:909  0:000  8. [change GFX0 to IGPU]: pattern 47465830, bin not found / already patched!
45:909  0:000  9. [change B0D3 to HDAU]: pattern 42304433, bin not found / already patched!
45:909  0:000  10. [change SAT0 to SATA (?)]: pattern 53415430, bin not found / already patched!
45:909  0:000  11. [change _Q12 to XQ12]: pattern 5F513132, bin not found / already patched!
45:909  0:000  12. [change _Q11 to XQ11]: pattern 5F513131, bin not found / already patched!
45:909  0:000  13. [change Method(_PTS,1,N) to ZPTS, pair with SSDT-PTSWAK.aml]: pattern 5F505453, bin not found / already patched!
45:909  0:000  14. [change Method(_PTS,1,S) to ZPTS, pair with SSDT-PTSWAK.aml]: pattern 5F505453, bin not found / already patched!
45:909  0:000  15. [change Method(_WAK,1,N) to ZWAK, pair with SSDT-PTSWAK.aml]: pattern 5F57414B, bin not found / already patched!
45:909  0:000  16. [change Method(_WAK,1,S) to ZWAK, pair with SSDT-PTSWAK.aml]: pattern 5F57414B, bin not found / already patched!
45:909  0:000  17. [change Method(XWAK,0,N) to ZWAK, pair with SSDT-XWAK.aml]: pattern 5857414B, bin not found / already patched!
45:909  0:000  18. [change Method(XWAK,0,S) to ZWAK, pair with SSDT-XWAK.aml]: pattern 5857414B, bin not found / already patched!
45:909  0:000  19. [change Method(XSEL,0,N) to XSEZ, pair with SSDT-XSEL.aml]: pattern 5853454C, bin not found / already patched!
45:909  0:000  20. [change Method(XSEL,0,S) to XSEZ, pair with SSDT-XSEL.aml]: pattern 5853454C, bin not found / already patched!
45:909  0:000  21. [change Method(ESEL,0,N) to ESEZ, pair with SSDT-ESEL.aml]: pattern 4553454C, bin not found / already patched!
45:909  0:000  22. [change Method(ESEL,0,S) to ESEZ, pair with SSDT-ESEL.aml]: pattern 4553454C, bin not found / already patched!
45:909  0:000  23. [change Method(GPRW,2,N) to XPRW, pair with SSDT-GPRW.aml]: pattern 47505257, bin not found / already patched!
45:909  0:000  24. [change Method(UPRW,2,N) to XPRW, pair with SSDT-UPRW.aml]: pattern 55505257, bin not found / already patched!
45:909  0:000  25. [change GLAN to LANC]: pattern 474C414E, bin not found / already patched!
45:909  0:000  26. [change LANC Method(_PRW,0,S) to Method(XPRW,0,..), pair with SSDT-LANC_PRW.aml]: pattern 00001900, bin not found / already patched!
45:909  0:000  27. [change Name (_ADR, 0x00190000) Method(_PRW to Name (_ADR, 0x00190000) Method(XPRW, pair with SSDT-GLAN_PRW.aml]: pattern 5F414452, bin not found / already patched!
45:909  0:000  28. [disable B0D3/HDEF]: disabled
45:909  0:000  Patch table: SSDT  PARADISE len=0x315
45:909  0:000  0. [10.11+-Rename-HECI2IMEI]: disabled
45:909  0:000  1. [change OSID to XSID (to avoid match against _OSI XOSI patch)]: pattern 4F534944, bin not found / already patched!
45:909  0:000  2. [change _OSI to XOSI]: pattern 5F4F5349, bin not found / already patched!
45:909  0:000  3. [change _DSM to XDSM]: pattern 5F44534D, bin not found / already patched!
45:909  0:000  4. [change EC0 to EC]: pattern 4543305F, bin not found / already patched!
45:909  0:000  5. [change H_EC to EC]: pattern 485F4543, bin not found / already patched!
45:909  0:000  6. [change EHC1 to EH01]: pattern 45484331, bin not found / already patched!
45:909  0:000  7. [change EHC2 to EH02]: pattern 45484332, bin not found / already patched!
45:909  0:000  8. [change GFX0 to IGPU]: pattern 47465830, bin not found / already patched!
45:909  0:000  9. [change B0D3 to HDAU]: pattern 42304433, bin not found / already patched!
45:909  0:000  10. [change SAT0 to SATA (?)]: pattern 53415430, patched at: [ (B5) ]
45:909  0:000  11. [change _Q12 to XQ12]: pattern 5F513132, bin not found / already patched!
45:909  0:000  12. [change _Q11 to XQ11]: pattern 5F513131, bin not found / already patched!
45:909  0:000  13. [change Method(_PTS,1,N) to ZPTS, pair with SSDT-PTSWAK.aml]: pattern 5F505453, bin not found / already patched!
45:909  0:000  14. [change Method(_PTS,1,S) to ZPTS, pair with SSDT-PTSWAK.aml]: pattern 5F505453, bin not found / already patched!
45:909  0:000  15. [change Method(_WAK,1,N) to ZWAK, pair with SSDT-PTSWAK.aml]: pattern 5F57414B, bin not found / already patched!
45:909  0:000  16. [change Method(_WAK,1,S) to ZWAK, pair with SSDT-PTSWAK.aml]: pattern 5F57414B, bin not found / already patched!
45:909  0:000  17. [change Method(XWAK,0,N) to ZWAK, pair with SSDT-XWAK.aml]: pattern 5857414B, bin not found / already patched!
45:909  0:000  18. [change Method(XWAK,0,S) to ZWAK, pair with SSDT-XWAK.aml]: pattern 5857414B, bin not found / already patched!
45:909  0:000  19. [change Method(XSEL,0,N) to XSEZ, pair with SSDT-XSEL.aml]: pattern 5853454C, bin not found / already patched!
45:909  0:000  20. [change Method(XSEL,0,S) to XSEZ, pair with SSDT-XSEL.aml]: pattern 5853454C, bin not found / already patched!
45:909  0:000  21. [change Method(ESEL,0,N) to ESEZ, pair with SSDT-ESEL.aml]: pattern 4553454C, bin not found / already patched!
45:909  0:000  22. [change Method(ESEL,0,S) to ESEZ, pair with SSDT-ESEL.aml]: pattern 4553454C, bin not found / already patched!
45:909  0:000  23. [change Method(GPRW,2,N) to XPRW, pair with SSDT-GPRW.aml]: pattern 47505257, bin not found / already patched!
45:909  0:000  24. [change Method(UPRW,2,N) to XPRW, pair with SSDT-UPRW.aml]: pattern 55505257, bin not found / already patched!
45:909  0:000  25. [change GLAN to LANC]: pattern 474C414E, bin not found / already patched!
45:909  0:000  26. [change LANC Method(_PRW,0,S) to Method(XPRW,0,..), pair with SSDT-LANC_PRW.aml]: pattern 00001900, bin not found / already patched!
45:909  0:000  27. [change Name (_ADR, 0x00190000) Method(_PRW to Name (_ADR, 0x00190000) Method(XPRW, pair with SSDT-GLAN_PRW.aml]: pattern 5F414452, bin not found / already patched!
45:909  0:000  28. [disable B0D3/HDEF]: disabled
45:909  0:000  Patch table: SSDT  PARADISE len=0x1C47
45:909  0:000  0. [10.11+-Rename-HECI2IMEI]: disabled
45:909  0:000  1. [change OSID to XSID (to avoid match against _OSI XOSI patch)]: pattern 4F534944, bin not found / already patched!
45:909  0:000  2. [change _OSI to XOSI]: pattern 5F4F5349, bin not found / already patched!
45:909  0:000  3. [change _DSM to XDSM]: pattern 5F44534D, patched at: [ (33B) ]
45:909  0:000  4. [change EC0 to EC]: pattern 4543305F, bin not found / already patched!
45:909  0:000  5. [change H_EC to EC]: pattern 485F4543, bin not found / already patched!
45:909  0:000  6. [change EHC1 to EH01]: pattern 45484331, bin not found / already patched!
45:909  0:000  7. [change EHC2 to EH02]: pattern 45484332, bin not found / already patched!
45:909  0:000  8. [change GFX0 to IGPU]: pattern 47465830, patched at: [ (9CF) (17) (17) (1A) (2CB) (13) (C69) (1D) ]
45:909  0:000  9. [change B0D3 to HDAU]: pattern 42304433, patched at: [ (49C) (1351) (10) (F) (F) (F) (F) ]
45:909  0:000  10. [change SAT0 to SATA (?)]: pattern 53415430, bin not found / already patched!
45:909  0:000  11. [change _Q12 to XQ12]: pattern 5F513132, bin not found / already patched!
45:909  0:000  12. [change _Q11 to XQ11]: pattern 5F513131, bin not found / already patched!
45:909  0:000  13. [change Method(_PTS,1,N) to ZPTS, pair with SSDT-PTSWAK.aml]: pattern 5F505453, bin not found / already patched!
45:909  0:000  14. [change Method(_PTS,1,S) to ZPTS, pair with SSDT-PTSWAK.aml]: pattern 5F505453, bin not found / already patched!
45:909  0:000  15. [change Method(_WAK,1,N) to ZWAK, pair with SSDT-PTSWAK.aml]: pattern 5F57414B, bin not found / already patched!
45:909  0:000  16. [change Method(_WAK,1,S) to ZWAK, pair with SSDT-PTSWAK.aml]: pattern 5F57414B, bin not found / already patched!
45:909  0:000  17. [change Method(XWAK,0,N) to ZWAK, pair with SSDT-XWAK.aml]: pattern 5857414B, bin not found / already patched!
45:909  0:000  18. [change Method(XWAK,0,S) to ZWAK, pair with SSDT-XWAK.aml]: pattern 5857414B, bin not found / already patched!
45:909  0:000  19. [change Method(XSEL,0,N) to XSEZ, pair with SSDT-XSEL.aml]: pattern 5853454C, bin not found / already patched!
45:909  0:000  20. [change Method(XSEL,0,S) to XSEZ, pair with SSDT-XSEL.aml]: pattern 5853454C, bin not found / already patched!
45:909  0:000  21. [change Method(ESEL,0,N) to ESEZ, pair with SSDT-ESEL.aml]: pattern 4553454C, bin not found / already patched!
45:909  0:000  22. [change Method(ESEL,0,S) to ESEZ, pair with SSDT-ESEL.aml]: pattern 4553454C, patched at: [ (21F) ]
45:909  0:000  23. [change Method(GPRW,2,N) to XPRW, pair with SSDT-GPRW.aml]: pattern 47505257, bin not found / already patched!
45:909  0:000  24. [change Method(UPRW,2,N) to XPRW, pair with SSDT-UPRW.aml]: pattern 55505257, bin not found / already patched!
45:909  0:000  25. [change GLAN to LANC]: pattern 474C414E, bin not found / already patched!
45:909  0:000  26. [change LANC Method(_PRW,0,S) to Method(XPRW,0,..), pair with SSDT-LANC_PRW.aml]: pattern 00001900, bin not found / already patched!
45:909  0:000  27. [change Name (_ADR, 0x00190000) Method(_PRW to Name (_ADR, 0x00190000) Method(XPRW, pair with SSDT-GLAN_PRW.aml]: pattern 5F414452, bin not found / already patched!
45:909  0:000  28. [disable B0D3/HDEF]: disabled
45:909  0:000  Patch table: SSDT  PARADISE len=0x113B
45:909  0:000  0. [10.11+-Rename-HECI2IMEI]: disabled
45:909  0:000  1. [change OSID to XSID (to avoid match against _OSI XOSI patch)]: pattern 4F534944, bin not found / already patched!
45:909  0:000  2. [change _OSI to XOSI]: pattern 5F4F5349, bin not found / already patched!
45:909  0:000  3. [change _DSM to XDSM]: pattern 5F44534D, bin not found / already patched!
45:909  0:000  4. [change EC0 to EC]: pattern 4543305F, bin not found / already patched!
45:909  0:000  5. [change H_EC to EC]: pattern 485F4543, bin not found / already patched!
45:909  0:000  6. [change EHC1 to EH01]: pattern 45484331, bin not found / already patched!
45:909  0:000  7. [change EHC2 to EH02]: pattern 45484332, bin not found / already patched!
45:909  0:000  8. [change GFX0 to IGPU]: pattern 47465830, patched at: [ (EE7) ]
45:909  0:000  9. [change B0D3 to HDAU]: pattern 42304433, bin not found / already patched!
45:909  0:000  10. [change SAT0 to SATA (?)]: pattern 53415430, bin not found / already patched!
45:909  0:000  11. [change _Q12 to XQ12]: pattern 5F513132, bin not found / already patched!
45:909  0:000  12. [change _Q11 to XQ11]: pattern 5F513131, bin not found / already patched!
45:909  0:000  13. [change Method(_PTS,1,N) to ZPTS, pair with SSDT-PTSWAK.aml]: pattern 5F505453, bin not found / already patched!
45:909  0:000  14. [change Method(_PTS,1,S) to ZPTS, pair with SSDT-PTSWAK.aml]: pattern 5F505453, bin not found / already patched!
45:909  0:000  15. [change Method(_WAK,1,N) to ZWAK, pair with SSDT-PTSWAK.aml]: pattern 5F57414B, bin not found / already patched!
45:909  0:000  16. [change Method(_WAK,1,S) to ZWAK, pair with SSDT-PTSWAK.aml]: pattern 5F57414B, bin not found / already patched!
45:909  0:000  17. [change Method(XWAK,0,N) to ZWAK, pair with SSDT-XWAK.aml]: pattern 5857414B, bin not found / already patched!
45:909  0:000  18. [change Method(XWAK,0,S) to ZWAK, pair with SSDT-XWAK.aml]: pattern 5857414B, bin not found / already patched!
45:909  0:000  19. [change Method(XSEL,0,N) to XSEZ, pair with SSDT-XSEL.aml]: pattern 5853454C, bin not found / already patched!
45:909  0:000  20. [change Method(XSEL,0,S) to XSEZ, pair with SSDT-XSEL.aml]: pattern 5853454C, bin not found / already patched!
45:909  0:000  21. [change Method(ESEL,0,N) to ESEZ, pair with SSDT-ESEL.aml]: pattern 4553454C, bin not found / already patched!
45:909  0:000  22. [change Method(ESEL,0,S) to ESEZ, pair with SSDT-ESEL.aml]: pattern 4553454C, bin not found / already patched!
45:909  0:000  23. [change Method(GPRW,2,N) to XPRW, pair with SSDT-GPRW.aml]: pattern 47505257, bin not found / already patched!
45:909  0:000  24. [change Method(UPRW,2,N) to XPRW, pair with SSDT-UPRW.aml]: pattern 55505257, bin not found / already patched!
45:909  0:000  25. [change GLAN to LANC]: pattern 474C414E, bin not found / already patched!
45:909  0:000  26. [change LANC Method(_PRW,0,S) to Method(XPRW,0,..), pair with SSDT-LANC_PRW.aml]: pattern 00001900, bin not found / already patched!
45:909  0:000  27. [change Name (_ADR, 0x00190000) Method(_PRW to Name (_ADR, 0x00190000) Method(XPRW, pair with SSDT-GLAN_PRW.aml]: pattern 5F414452, bin not found / already patched!
45:909  0:000  28. [disable B0D3/HDEF]: disabled
45:909  0:000  Patch table: SSDT  PARADISE len=0x393
45:909  0:000  0. [10.11+-Rename-HECI2IMEI]: disabled
45:909  0:000  1. [change OSID to XSID (to avoid match against _OSI XOSI patch)]: pattern 4F534944, bin not found / already patched!
45:909  0:000  2. [change _OSI to XOSI]: pattern 5F4F5349, bin not found / already patched!
45:909  0:000  3. [change _DSM to XDSM]: pattern 5F44534D, bin not found / already patched!
45:909  0:000  4. [change EC0 to EC]: pattern 4543305F, bin not found / already patched!
45:909  0:000  5. [change H_EC to EC]: pattern 485F4543, bin not found / already patched!
45:909  0:000  6. [change EHC1 to EH01]: pattern 45484331, bin not found / already patched!
45:909  0:000  7. [change EHC2 to EH02]: pattern 45484332, bin not found / already patched!
45:909  0:000  8. [change GFX0 to IGPU]: pattern 47465830, bin not found / already patched!
45:909  0:000  9. [change B0D3 to HDAU]: pattern 42304433, bin not found / already patched!
45:909  0:000  10. [change SAT0 to SATA (?)]: pattern 53415430, bin not found / already patched!
45:909  0:000  11. [change _Q12 to XQ12]: pattern 5F513132, bin not found / already patched!
45:909  0:000  12. [change _Q11 to XQ11]: pattern 5F513131, bin not found / already patched!
45:909  0:000  13. [change Method(_PTS,1,N) to ZPTS, pair with SSDT-PTSWAK.aml]: pattern 5F505453, bin not found / already patched!
45:909  0:000  14. [change Method(_PTS,1,S) to ZPTS, pair with SSDT-PTSWAK.aml]: pattern 5F505453, bin not found / already patched!
45:909  0:000  15. [change Method(_WAK,1,N) to ZWAK, pair with SSDT-PTSWAK.aml]: pattern 5F57414B, bin not found / already patched!
45:909  0:000  16. [change Method(_WAK,1,S) to ZWAK, pair with SSDT-PTSWAK.aml]: pattern 5F57414B, bin not found / already patched!
45:909  0:000  17. [change Method(XWAK,0,N) to ZWAK, pair with SSDT-XWAK.aml]: pattern 5857414B, bin not found / already patched!
45:909  0:000  18. [change Method(XWAK,0,S) to ZWAK, pair with SSDT-XWAK.aml]: pattern 5857414B, bin not found / already patched!
45:909  0:000  19. [change Method(XSEL,0,N) to XSEZ, pair with SSDT-XSEL.aml]: pattern 5853454C, bin not found / already patched!
45:909  0:000  20. [change Method(XSEL,0,S) to XSEZ, pair with SSDT-XSEL.aml]: pattern 5853454C, bin not found / already patched!
45:909  0:000  21. [change Method(ESEL,0,N) to ESEZ, pair with SSDT-ESEL.aml]: pattern 4553454C, bin not found / already patched!
45:909  0:000  22. [change Method(ESEL,0,S) to ESEZ, pair with SSDT-ESEL.aml]: pattern 4553454C, bin not found / already patched!
45:909  0:000  23. [change Method(GPRW,2,N) to XPRW, pair with SSDT-GPRW.aml]: pattern 47505257, bin not found / already patched!
45:909  0:000  24. [change Method(UPRW,2,N) to XPRW, pair with SSDT-UPRW.aml]: pattern 55505257, bin not found / already patched!
45:909  0:000  25. [change GLAN to LANC]: pattern 474C414E, bin not found / already patched!
45:909  0:000  26. [change LANC Method(_PRW,0,S) to Method(XPRW,0,..), pair with SSDT-LANC_PRW.aml]: pattern 00001900, bin not found / already patched!
45:909  0:000  27. [change Name (_ADR, 0x00190000) Method(_PRW to Name (_ADR, 0x00190000) Method(XPRW, pair with SSDT-GLAN_PRW.aml]: pattern 5F414452, bin not found / already patched!
45:909  0:000  28. [disable B0D3/HDEF]: disabled
45:909  0:000  Patch table: SSDT  PARADISE len=0xAC4
45:909  0:000  0. [10.11+-Rename-HECI2IMEI]: disabled
45:909  0:000  1. [change OSID to XSID (to avoid match against _OSI XOSI patch)]: pattern 4F534944, bin not found / already patched!
45:909  0:000  2. [change _OSI to XOSI]: pattern 5F4F5349, bin not found / already patched!
45:909  0:000  3. [change _DSM to XDSM]: pattern 5F44534D, bin not found / already patched!
45:909  0:000  4. [change EC0 to EC]: pattern 4543305F, bin not found / already patched!
45:909  0:000  5. [change H_EC to EC]: pattern 485F4543, bin not found / already patched!
45:909  0:000  6. [change EHC1 to EH01]: pattern 45484331, bin not found / already patched!
45:909  0:000  7. [change EHC2 to EH02]: pattern 45484332, bin not found / already patched!
45:909  0:000  8. [change GFX0 to IGPU]: pattern 47465830, bin not found / already patched!
45:909  0:000  9. [change B0D3 to HDAU]: pattern 42304433, bin not found / already patched!
45:909  0:000  10. [change SAT0 to SATA (?)]: pattern 53415430, bin not found / already patched!
45:909  0:000  11. [change _Q12 to XQ12]: pattern 5F513132, bin not found / already patched!
45:909  0:000  12. [change _Q11 to XQ11]: pattern 5F513131, bin not found / already patched!
45:909  0:000  13. [change Method(_PTS,1,N) to ZPTS, pair with SSDT-PTSWAK.aml]: pattern 5F505453, bin not found / already patched!
45:909  0:000  14. [change Method(_PTS,1,S) to ZPTS, pair with SSDT-PTSWAK.aml]: pattern 5F505453, bin not found / already patched!
45:909  0:000  15. [change Method(_WAK,1,N) to ZWAK, pair with SSDT-PTSWAK.aml]: pattern 5F57414B, bin not found / already patched!
45:909  0:000  16. [change Method(_WAK,1,S) to ZWAK, pair with SSDT-PTSWAK.aml]: pattern 5F57414B, bin not found / already patched!
45:909  0:000  17. [change Method(XWAK,0,N) to ZWAK, pair with SSDT-XWAK.aml]: pattern 5857414B, bin not found / already patched!
45:909  0:000  18. [change Method(XWAK,0,S) to ZWAK, pair with SSDT-XWAK.aml]: pattern 5857414B, bin not found / already patched!
45:909  0:000  19. [change Method(XSEL,0,N) to XSEZ, pair with SSDT-XSEL.aml]: pattern 5853454C, bin not found / already patched!
45:909  0:000  20. [change Method(XSEL,0,S) to XSEZ, pair with SSDT-XSEL.aml]: pattern 5853454C, bin not found / already patched!
45:909  0:000  21. [change Method(ESEL,0,N) to ESEZ, pair with SSDT-ESEL.aml]: pattern 4553454C, bin not found / already patched!
45:909  0:000  22. [change Method(ESEL,0,S) to ESEZ, pair with SSDT-ESEL.aml]: pattern 4553454C, bin not found / already patched!
45:909  0:000  23. [change Method(GPRW,2,N) to XPRW, pair with SSDT-GPRW.aml]: pattern 47505257, bin not found / already patched!
45:909  0:000  24. [change Method(UPRW,2,N) to XPRW, pair with SSDT-UPRW.aml]: pattern 55505257, bin not found / already patched!
45:909  0:000  25. [change GLAN to LANC]: pattern 474C414E, bin not found / already patched!
45:909  0:000  26. [change LANC Method(_PRW,0,S) to Method(XPRW,0,..), pair with SSDT-LANC_PRW.aml]: pattern 00001900, bin not found / already patched!
45:909  0:000  27. [change Name (_ADR, 0x00190000) Method(_PRW to Name (_ADR, 0x00190000) Method(XPRW, pair with SSDT-GLAN_PRW.aml]: pattern 5F414452, bin not found / already patched!
45:909  0:000  28. [disable B0D3/HDEF]: disabled
45:909  0:000  Patch table: SSDT  PARADISE len=0x1CC9
45:909  0:000  0. [10.11+-Rename-HECI2IMEI]: disabled
45:909  0:000  1. [change OSID to XSID (to avoid match against _OSI XOSI patch)]: pattern 4F534944, bin not found / already patched!
45:909  0:000  2. [change _OSI to XOSI]: pattern 5F4F5349, bin not found / already patched!
45:909  0:000  3. [change _DSM to XDSM]: pattern 5F44534D, patched at: [ (3D1) (1870) (41) (11) ]
45:909  0:000  4. [change EC0 to EC]: pattern 4543305F, bin not found / already patched!
45:909  0:000  5. [change H_EC to EC]: pattern 485F4543, bin not found / already patched!
45:909  0:000  6. [change EHC1 to EH01]: pattern 45484331, bin not found / already patched!
45:909  0:000  7. [change EHC2 to EH02]: pattern 45484332, bin not found / already patched!
45:909  0:000  8. [change GFX0 to IGPU]: pattern 47465830, patched at: [ (3EA) (7C) (21D) (15F7) (11) ]
45:909  0:000  9. [change B0D3 to HDAU]: pattern 42304433, bin not found / already patched!
45:909  0:000  10. [change SAT0 to SATA (?)]: pattern 53415430, bin not found / already patched!
45:909  0:000  11. [change _Q12 to XQ12]: pattern 5F513132, bin not found / already patched!
45:909  0:000  12. [change _Q11 to XQ11]: pattern 5F513131, bin not found / already patched!
45:909  0:000  13. [change Method(_PTS,1,N) to ZPTS, pair with SSDT-PTSWAK.aml]: pattern 5F505453, bin not found / already patched!
45:909  0:000  14. [change Method(_PTS,1,S) to ZPTS, pair with SSDT-PTSWAK.aml]: pattern 5F505453, bin not found / already patched!
45:909  0:000  15. [change Method(_WAK,1,N) to ZWAK, pair with SSDT-PTSWAK.aml]: pattern 5F57414B, bin not found / already patched!
45:909  0:000  16. [change Method(_WAK,1,S) to ZWAK, pair with SSDT-PTSWAK.aml]: pattern 5F57414B, bin not found / already patched!
45:909  0:000  17. [change Method(XWAK,0,N) to ZWAK, pair with SSDT-XWAK.aml]: pattern 5857414B, bin not found / already patched!
45:909  0:000  18. [change Method(XWAK,0,S) to ZWAK, pair with SSDT-XWAK.aml]: pattern 5857414B, bin not found / already patched!
45:909  0:000  19. [change Method(XSEL,0,N) to XSEZ, pair with SSDT-XSEL.aml]: pattern 5853454C, bin not found / already patched!
45:909  0:000  20. [change Method(XSEL,0,S) to XSEZ, pair with SSDT-XSEL.aml]: pattern 5853454C, bin not found / already patched!
45:909  0:000  21. [change Method(ESEL,0,N) to ESEZ, pair with SSDT-ESEL.aml]: pattern 4553454C, bin not found / already patched!
45:909  0:000  22. [change Method(ESEL,0,S) to ESEZ, pair with SSDT-ESEL.aml]: pattern 4553454C, bin not found / already patched!
45:909  0:000  23. [change Method(GPRW,2,N) to XPRW, pair with SSDT-GPRW.aml]: pattern 47505257, bin not found / already patched!
45:909  0:000  24. [change Method(UPRW,2,N) to XPRW, pair with SSDT-UPRW.aml]: pattern 55505257, bin not found / already patched!
45:909  0:000  25. [change GLAN to LANC]: pattern 474C414E, bin not found / already patched!
45:909  0:000  26. [change LANC Method(_PRW,0,S) to Method(XPRW,0,..), pair with SSDT-LANC_PRW.aml]: pattern 00001900, bin not found / already patched!
45:909  0:000  27. [change Name (_ADR, 0x00190000) Method(_PRW to Name (_ADR, 0x00190000) Method(XPRW, pair with SSDT-GLAN_PRW.aml]: pattern 5F414452, bin not found / already patched!
45:909  0:000  28. [disable B0D3/HDEF]: disabled
45:909  0:000  === [ ACPIPatchedAML ] ====================================
45:909  0:000  AutoMerge pass 2
45:909  0:000  Unsorted
45:909  0:000  Inserting SSDT-XWAK.aml from EFI\CLOVER\ACPI\patched: size=78 ... Success
45:910  0:000  Inserting SSDT-XSEL.aml from EFI\CLOVER\ACPI\patched: size=386 ... Success
45:910  0:000  Inserting SSDT-XOSI.aml from EFI\CLOVER\ACPI\patched: size=206 ... Success
45:911  0:000  Inserting SSDT-XHC.AML from EFI\CLOVER\ACPI\patched: size=317 ... Success
45:911  0:000  Inserting SSDT-UIAC.aml from EFI\CLOVER\ACPI\patched: size=5314 ... Success
45:912  0:000  Inserting SSDT-SMBUS.aml from EFI\CLOVER\ACPI\patched: size=138 ... Success
45:913  0:000  Inserting SSDT-SATA.aml from EFI\CLOVER\ACPI\patched: size=295 ... Success
45:913  0:000  Inserting SSDT-PTSWAK.aml from EFI\CLOVER\ACPI\patched: size=1026 ... Success
45:914  0:000  Inserting SSDT-PNLF.aml from EFI\CLOVER\ACPI\patched: size=1061 ... Success
45:914  0:000  Inserting SSDT-IMEI.aml from EFI\CLOVER\ACPI\patched: size=312 ... Success
45:915  0:000  Inserting SSDT-IGPU.aml from EFI\CLOVER\ACPI\patched: size=5495 ... Success
45:915  0:000  Inserting SSDT-IGPU_old.aml from EFI\CLOVER\ACPI\patched: size=5343 ... Success
45:916  0:000  Inserting SSDT-HDEF.aml from EFI\CLOVER\ACPI\patched: size=540 ... Success
45:916  0:000  Inserting SSDT-HDAU.aml from EFI\CLOVER\ACPI\patched: size=398 ... Success
45:917  0:000  Inserting SSDT-HACK.aml from EFI\CLOVER\ACPI\patched: size=1359 ... Success
45:917  0:000  Inserting SSDT-GPRW.aml from EFI\CLOVER\ACPI\patched: size=390 ... Success
45:918  0:000  Inserting SSDT-GLAN_PRW.aml from EFI\CLOVER\ACPI\patched: size=205 ... Success
45:918  0:000  Inserting SSDT-ESEL.aml from EFI\CLOVER\ACPI\patched: size=374 ... Success
45:919  0:000  Inserting SSDT-EH02.aml from EFI\CLOVER\ACPI\patched: size=215 ... Success
45:919  0:000  Inserting SSDT-EH01.aml from EFI\CLOVER\ACPI\patched: size=215 ... Success
45:920  0:000  Inserting SSDT-Disable_DGPU.aml from EFI\CLOVER\ACPI\patched: size=2305 ... Success
45:920  0:000  Inserting SSDT-Debug.aml from EFI\CLOVER\ACPI\patched: size=576 ... Success
45:921  0:000  Inserting SSDT-CPU.AML from EFI\CLOVER\ACPI\patched: size=17538 ... Success
45:921  0:000  Inserting SSDT-Config.aml from EFI\CLOVER\ACPI\patched: size=1434 ... Success
45:922  0:000  Inserting SSDT-ALS0.aml from EFI\CLOVER\ACPI\patched: size=101 ... Success
45:922  0:000  Inserting SSDT-ALC892.aml from EFI\CLOVER\ACPI\patched: size=178 ... Success
45:923  0:000  Inserting SSDT-ACPIBATT.aml from EFI\CLOVER\ACPI\patched: size=421 ... Success
45:923  0:000  CPUBase=0 and ApicCPUBase=1 ApicCPUNum=8
45:923  0:000  Cleanup XSDT: count=50, length=436
45:923  0:000  corrected XSDT count=49, length=428
45:923  0:000  === [ RestSetup macOS ] ===================================
45:923  0:000  EdidDiscovered size=128
45:923  0:000  ---Discovered EDID Table size:128
45:923  0:000  000  |  00  FF  FF  FF  FF  FF  FF  00  30  E4
45:923  0:000  010  |  4F  04  00  00  00  00  00  18  01  04
45:923  0:000  020  |  95  23  13  78  EA  0C  F5  A0  5B  55
45:923  0:000  030  |  92  26  0C  50  54  00  00  00  01  01
45:923  0:000  040  |  01  01  01  01  01  01  01  01  01  01
45:923  0:000  050  |  01  01  01  01  2E  36  80  A0  70  38
45:923  0:000  060  |  1F  40  30  20  35  00  59  C2  10  00
45:923  0:000  070  |  00  19  00  00  00  00  00  00  00  00
45:923  0:000  080  |  00  00  00  00  00  00  00  00  00  00
45:923  0:000  090  |  00  00  00  FE  00  4C  47  20  44  69
45:923  0:000  100  |  73  70  6C  61  79  0A  20  20  00  00
45:923  0:000  110  |  00  FE  00  4C  50  31  35  36  57  46
45:923  0:000  120  |  34  2D  53  50  4C  31  00  13
45:924  0:000      ProductID = 0x044F changed to 0x9C7C
45:924  0:000  --- Patched EDID size:128
45:924  0:000  000  |  00  FF  FF  FF  FF  FF  FF  00  30  E4
45:924  0:000  010  |  7C  9C  00  00  00  00  00  18  01  04
45:924  0:000  020  |  A0  23  13  78  EA  0C  F5  A0  5B  55
45:924  0:000  030  |  92  26  0C  50  54  00  00  00  01  01
45:924  0:000  040  |  01  01  01  01  01  01  01  01  01  01
45:924  0:000  050  |  01  01  01  01  2E  36  80  A0  70  38
45:924  0:000  060  |  1F  40  30  64  35  00  59  C2  10  00
45:924  0:000  070  |  00  19  00  00  00  00  00  00  00  00
45:924  0:000  080  |  00  00  00  00  00  00  00  00  00  00
45:924  0:000  090  |  00  00  00  FE  00  4C  47  20  44  69
45:924  0:000  100  |  73  70  6C  61  79  0A  20  20  00  00
45:924  0:000  110  |  00  FE  00  4C  50  31  35  36  57  46
45:924  0:000  120  |  34  2D  53  50  4C  31  00  FF
45:924  0:000  Intel HD Graphics 4600 [8086:0416] :: PciRoot(0x0)\Pci(0x2,0x0)
45:924  0:000    Found Full HD Display - 16:9 :: Width=1920 Height=1080
45:924  0:000    Additional Intel GFX properties injected, continue
45:924  0:000    AAPL00,override-no-connect: added
45:924  0:000    Beginning DualLink auto-detection
45:924  0:000    High Resolution Display
45:924  0:000    AAPL00,DualLink = 1
45:924  0:000    FakeID Intel GFX = 0x04128086
45:924  0:000    ig-platform-id = 0x0D260007
45:924  0:000  Intel GFX revision  = 0x6
45:924  0:000   setting specified layout-id=31 (0x1F)
45:924  0:000   setting specified layout-id=31 (0x1F)
45:924  0:000  stringlength = 2162
45:924  0:000  CurrentMode: Width=1920 Height=1080
45:924  0:000  Beginning FSInjection
FSInjectionInstall ...
- Our FSI_SIMPLE_FILE_SYSTEM_PROTOCOL installed on handle: C419C498
FSInjectionInstall ...
- Our FSI_SIMPLE_FILE_SYSTEM_PROTOCOL installed on handle: C419C498
45:937  0:013  Use origin smbios table type 1 guid.
45:941  0:004    Force kext: System\Library\Extensions\IONetworkingFamily.kext
46:023  0:082      Force PlugIn kext: System\Library\Extensions\IONetworkingFamily.kext\Contents\PlugIns\AppleBCM5701Ethernet.kext
46:061  0:037      Force PlugIn kext: System\Library\Extensions\IONetworkingFamily.kext\Contents\PlugIns\AppleEthernetAquantiaAqtion.kext
46:113  0:051      Force PlugIn kext: System\Library\Extensions\IONetworkingFamily.kext\Contents\PlugIns\AppleEthernetAquantiaAqtionFirmware.kext
46:172  0:059      Force PlugIn kext: System\Library\Extensions\IONetworkingFamily.kext\Contents\PlugIns\AppleEthernetAquantiaAqtionFirmwareDev.kext
46:193  0:020      Force PlugIn kext: System\Library\Extensions\IONetworkingFamily.kext\Contents\PlugIns\AppleIntel8254XEthernet.kext
46:217  0:023      Force PlugIn kext: System\Library\Extensions\IONetworkingFamily.kext\Contents\PlugIns\AppleIntelI210Ethernet.kext
46:237  0:020      Force PlugIn kext: System\Library\Extensions\IONetworkingFamily.kext\Contents\PlugIns\AppleVmxnet3Ethernet.kext
46:254  0:017      Force PlugIn kext: System\Library\Extensions\IONetworkingFamily.kext\Contents\PlugIns\AppleYukon2.kext
46:351  0:096      Force PlugIn kext: System\Library\Extensions\IONetworkingFamily.kext\Contents\PlugIns\IOEthernetAVBController.kext
46:366  0:015      Force PlugIn kext: System\Library\Extensions\IONetworkingFamily.kext\Contents\PlugIns\Intel82574L.kext
46:384  0:018      Force PlugIn kext: System\Library\Extensions\IONetworkingFamily.kext\Contents\PlugIns\mDNSOffloadUserClient.kext
46:399  0:014      Force PlugIn kext: System\Library\Extensions\IONetworkingFamily.kext\Contents\PlugIns\nvenet.kext
46:421  0:021  Preparing kexts injection for arch=x86_64 from EFI\CLOVER\kexts\Other
46:421  0:000  Extra kext: EFI\CLOVER\kexts\Other\USBInjectAll.kext (v.0.6.2)
47:127  0:706  Extra kext: EFI\CLOVER\kexts\Other\RT2870USBWirelessDriver.kext (v.4.2.9)
47:464  0:337  Extra kext: EFI\CLOVER\kexts\Other\RealtekRTL8111.kext (v.2.2.1)
47:488  0:023  Extra kext: EFI\CLOVER\kexts\Other\Shiki.kext (v.2.1.1)
47:517  0:029  Extra kext: EFI\CLOVER\kexts\Other\Lilu.kext (v.1.2.1)
47:542  0:024  Extra kext: EFI\CLOVER\kexts\Other\HibernationFixup.kext (v.1.2.0)
47:593  0:050  Extra kext: EFI\CLOVER\kexts\Other\FakeSMC.kext (v.1765)
47:657  0:064    |-- PlugIn kext: EFI\CLOVER\kexts\Other\FakeSMC.kext\Contents\PlugIns\LPCSensors.kext (v.1372)
47:965  0:307    |-- PlugIn kext: EFI\CLOVER\kexts\Other\FakeSMC.kext\Contents\PlugIns\GPUSensors.kext (v.1372)
47:997  0:032    |-- PlugIn kext: EFI\CLOVER\kexts\Other\FakeSMC.kext\Contents\PlugIns\CPUSensors.kext (v.1372)
48:014  0:016    |-- PlugIn kext: EFI\CLOVER\kexts\Other\FakeSMC.kext\Contents\PlugIns\ACPISensors.kext (v.1372)
48:042  0:027  Extra kext: EFI\CLOVER\kexts\Other\FakePCIID_XHCIMux.kext (v.1.3.10)
48:071  0:028  Extra kext: EFI\CLOVER\kexts\Other\FakePCIID_Intel_HD_Graphics.kext (v.1.3.10)
48:100  0:029  Extra kext: EFI\CLOVER\kexts\Other\CPUFriend.kext (v.1.1.2)
48:130  0:029  Extra kext: EFI\CLOVER\kexts\Other\FakePCIID_Broadcom_WiFi.kext (v.1.3.10)
48:165  0:034  Extra kext: EFI\CLOVER\kexts\Other\FakePCIID.kext (v.1.3.10)
48:182  0:017  Extra kext: EFI\CLOVER\kexts\Other\CoreDisplayFixup.kext (v.1.3.2)
48:215  0:032  Extra kext: EFI\CLOVER\kexts\Other\BrcmPatchRAM2.kext (v.2.2.7)
48:411  0:195  Extra kext: EFI\CLOVER\kexts\Other\BrcmNonPatchRAM2.kext (v.2.2.7)
48:436  0:024  Extra kext: EFI\CLOVER\kexts\Other\BrcmFirmwareData.kext (v.2.2.7)
48:467  0:031  Extra kext: EFI\CLOVER\kexts\Other\NvidiaGraphicsFixup.kext (v.1.2.1)
48:499  0:031  Extra kext: EFI\CLOVER\kexts\Other\ApplePS2SmartTouchPad.kext (v.4.6.8)
48:601  0:102    |-- PlugIn kext: EFI\CLOVER\kexts\Other\ApplePS2SmartTouchPad.kext\Contents\PlugIns\ApplePS2Keyboard.kext (v.4.6.8)
48:631  0:029    |-- PlugIn kext: EFI\CLOVER\kexts\Other\ApplePS2SmartTouchPad.kext\Contents\PlugIns\ApplePS2Controller.kext (v.4.6.8)
48:654  0:023  Extra kext: EFI\CLOVER\kexts\Other\AppleBacklightInjector.kext (v.0.9.0)
48:674  0:019  Extra kext: EFI\CLOVER\kexts\Other\AppleALC.kext (v.1.2.2)
48:721  0:047    |-- PlugIn kext: EFI\CLOVER\kexts\Other\AppleALC.kext\Contents\PlugIns\PinConfigs.kext (v.1.0.0)
49:461  0:740  Extra kext: EFI\CLOVER\kexts\Other\AirportBrcmFixup.kext (v.1.1.0)
49:532  0:070  Extra kext: EFI\CLOVER\kexts\Other\ACPIDebug.kext (v.0.1.4)
49:553  0:020  Extra kext: EFI\CLOVER\kexts\Other\ACPIBatteryManager.kext (v.1.81.4)
49:594  0:041  Preparing kexts injection for arch=x86_64 from EFI\CLOVER\kexts\10.13
49:599  0:004  SetStartupDiskVolume:
49:599  0:000    * Volume: 'Macintosh'
49:599  0:000    * LoaderPath: '<null string>'
49:599  0:000    * DevPath: Macintosh
49:599  0:000    * GUID = 087E768C-8D7C-4C70-83B6-94142B020A23
49:599  0:000    * efi-boot-device: <array><dict><key>IOMatch</key><dict><key>IOProviderClass</key><string>IOMedia</string><key>IOPropertyMatch</key><dict><key>UUID</key><string>087E768C-8D7C-4C70-83B6-94142B020A23</string></dict></dict></dict></array>
49:599  0:000  SetScreenResolution: 1920x1080 - already set
49:599  0:000  Custom boot is disabled
49:600  0:000  Closing log
